{"numTotalTestSuites":2,"numPassedTestSuites":0,"numFailedTestSuites":2,"numPendingTestSuites":0,"numTotalTests":3,"numPassedTests":0,"numFailedTests":3,"numPendingTests":0,"numTodoTests":0,"snapshot":{"added":0,"failure":false,"filesAdded":0,"filesRemoved":0,"filesRemovedList":[],"filesUnmatched":0,"filesUpdated":0,"matched":0,"total":0,"unchecked":0,"uncheckedKeysByFile":[],"unmatched":0,"updated":0,"didUpdate":false},"startTime":1745752865394,"success":false,"testResults":[{"assertionResults":[{"ancestorTitles":["E2E: Coding Agent Full Flow"],"fullName":"E2E: Coding Agent Full Flow should send coding-agent/run event successfully","status":"failed","title":"should send coding-agent/run event successfully","duration":15005.72925,"failureMessages":["Error: STACK_TRACE_ERROR\n    at task (file:///Users/playra/999/node_modules/.pnpm/@vitest+runner@3.1.2/node_modules/@vitest/runner/dist/index.js:481:27)\n    at Object.<anonymous> (file:///Users/playra/999/node_modules/.pnpm/@vitest+runner@3.1.2/node_modules/@vitest/runner/dist/index.js:503:16)\n    at Object.<anonymous> (file:///Users/playra/999/node_modules/.pnpm/@vitest+runner@3.1.2/node_modules/@vitest/runner/dist/index.js:308:28)\n    at Module.chain (file:///Users/playra/999/node_modules/.pnpm/@vitest+runner@3.1.2/node_modules/@vitest/runner/dist/chunk-tasks.js:8:14)\n    at /Users/playra/999/src/__tests__/e2e/coding-agent-flow.e2e.test.ts:186:3\n    at file:///Users/playra/999/node_modules/.pnpm/@vitest+runner@3.1.2/node_modules/@vitest/runner/dist/index.js:578:40\n    at runWithSuite (file:///Users/playra/999/node_modules/.pnpm/@vitest+runner@3.1.2/node_modules/@vitest/runner/dist/index.js:839:8)\n    at Object.collect (file:///Users/playra/999/node_modules/.pnpm/@vitest+runner@3.1.2/node_modules/@vitest/runner/dist/index.js:578:10)\n    at Object.collect (file:///Users/playra/999/node_modules/.pnpm/@vitest+runner@3.1.2/node_modules/@vitest/runner/dist/index.js:582:54)\n    at collectTests (file:///Users/playra/999/node_modules/.pnpm/@vitest+runner@3.1.2/node_modules/@vitest/runner/dist/index.js:1124:25)\n    at startTests (file:///Users/playra/999/node_modules/.pnpm/@vitest+runner@3.1.2/node_modules/@vitest/runner/dist/index.js:1568:16)\n    at file:///Users/playra/999/node_modules/.pnpm/vitest@3.1.2_@types+debug@4.1.12_@types+node@22.15.2_@vitest+ui@3.1.2_msw@2.7.5_@types+node@22.15.2_typescript@5.8.3_/node_modules/vitest/dist/chunks/runBaseTests.BV8m0B-u.js:122:5\n    at withEnv (file:///Users/playra/999/node_modules/.pnpm/vitest@3.1.2_@types+debug@4.1.12_@types+node@22.15.2_@vitest+ui@3.1.2_msw@2.7.5_@types+node@22.15.2_typescript@5.8.3_/node_modules/vitest/dist/chunks/runBaseTests.BV8m0B-u.js:88:3)\n    at run (file:///Users/playra/999/node_modules/.pnpm/vitest@3.1.2_@types+debug@4.1.12_@types+node@22.15.2_@vitest+ui@3.1.2_msw@2.7.5_@types+node@22.15.2_typescript@5.8.3_/node_modules/vitest/dist/chunks/runBaseTests.BV8m0B-u.js:113:2)\n    at runBaseTests (file:///Users/playra/999/node_modules/.pnpm/vitest@3.1.2_@types+debug@4.1.12_@types+node@22.15.2_@vitest+ui@3.1.2_msw@2.7.5_@types+node@22.15.2_typescript@5.8.3_/node_modules/vitest/dist/chunks/base.k5EeHg0m.js:35:2)"],"meta":{}},{"ancestorTitles":["E2E: Coding Agent Full Flow"],"fullName":"E2E: Coding Agent Full Flow should eventually run to COMPLETED status","status":"failed","title":"should eventually run to COMPLETED status","duration":0.9585000000006403,"failureMessages":["AssertionError: expected undefined to be defined\n    at /Users/playra/999/src/__tests__/e2e/coding-agent-flow.e2e.test.ts:216:39\n    at file:///Users/playra/999/node_modules/.pnpm/@vitest+runner@3.1.2/node_modules/@vitest/runner/dist/index.js:103:11\n    at file:///Users/playra/999/node_modules/.pnpm/@vitest+runner@3.1.2/node_modules/@vitest/runner/dist/index.js:596:26\n    at file:///Users/playra/999/node_modules/.pnpm/@vitest+runner@3.1.2/node_modules/@vitest/runner/dist/index.js:879:20\n    at new Promise (<anonymous>)\n    at runWithTimeout (file:///Users/playra/999/node_modules/.pnpm/@vitest+runner@3.1.2/node_modules/@vitest/runner/dist/index.js:852:10)\n    at runTest (file:///Users/playra/999/node_modules/.pnpm/@vitest+runner@3.1.2/node_modules/@vitest/runner/dist/index.js:1360:12)\n    at runSuite (file:///Users/playra/999/node_modules/.pnpm/@vitest+runner@3.1.2/node_modules/@vitest/runner/dist/index.js:1507:8)\n    at runSuite (file:///Users/playra/999/node_modules/.pnpm/@vitest+runner@3.1.2/node_modules/@vitest/runner/dist/index.js:1507:8)\n    at runFiles (file:///Users/playra/999/node_modules/.pnpm/@vitest+runner@3.1.2/node_modules/@vitest/runner/dist/index.js:1561:3)"],"meta":{}},{"ancestorTitles":["E2E: Coding Agent Full Flow"],"fullName":"E2E: Coding Agent Full Flow should handle initial task and transition to NEEDS_REQUIREMENTS_CRITIQUE","status":"failed","title":"should handle initial task and transition to NEEDS_REQUIREMENTS_CRITIQUE","duration":120016.98058399999,"failureMessages":["Error: STACK_TRACE_ERROR\n    at task (file:///Users/playra/999/node_modules/.pnpm/@vitest+runner@3.1.2/node_modules/@vitest/runner/dist/index.js:481:27)\n    at Object.<anonymous> (file:///Users/playra/999/node_modules/.pnpm/@vitest+runner@3.1.2/node_modules/@vitest/runner/dist/index.js:503:16)\n    at Object.<anonymous> (file:///Users/playra/999/node_modules/.pnpm/@vitest+runner@3.1.2/node_modules/@vitest/runner/dist/index.js:308:28)\n    at Module.chain (file:///Users/playra/999/node_modules/.pnpm/@vitest+runner@3.1.2/node_modules/@vitest/runner/dist/chunk-tasks.js:8:14)\n    at /Users/playra/999/src/__tests__/e2e/coding-agent-flow.e2e.test.ts:236:3\n    at file:///Users/playra/999/node_modules/.pnpm/@vitest+runner@3.1.2/node_modules/@vitest/runner/dist/index.js:578:40\n    at runWithSuite (file:///Users/playra/999/node_modules/.pnpm/@vitest+runner@3.1.2/node_modules/@vitest/runner/dist/index.js:839:8)\n    at Object.collect (file:///Users/playra/999/node_modules/.pnpm/@vitest+runner@3.1.2/node_modules/@vitest/runner/dist/index.js:578:10)\n    at Object.collect (file:///Users/playra/999/node_modules/.pnpm/@vitest+runner@3.1.2/node_modules/@vitest/runner/dist/index.js:582:54)\n    at collectTests (file:///Users/playra/999/node_modules/.pnpm/@vitest+runner@3.1.2/node_modules/@vitest/runner/dist/index.js:1124:25)\n    at startTests (file:///Users/playra/999/node_modules/.pnpm/@vitest+runner@3.1.2/node_modules/@vitest/runner/dist/index.js:1568:16)\n    at file:///Users/playra/999/node_modules/.pnpm/vitest@3.1.2_@types+debug@4.1.12_@types+node@22.15.2_@vitest+ui@3.1.2_msw@2.7.5_@types+node@22.15.2_typescript@5.8.3_/node_modules/vitest/dist/chunks/runBaseTests.BV8m0B-u.js:122:5\n    at withEnv (file:///Users/playra/999/node_modules/.pnpm/vitest@3.1.2_@types+debug@4.1.12_@types+node@22.15.2_@vitest+ui@3.1.2_msw@2.7.5_@types+node@22.15.2_typescript@5.8.3_/node_modules/vitest/dist/chunks/runBaseTests.BV8m0B-u.js:88:3)\n    at run (file:///Users/playra/999/node_modules/.pnpm/vitest@3.1.2_@types+debug@4.1.12_@types+node@22.15.2_@vitest+ui@3.1.2_msw@2.7.5_@types+node@22.15.2_typescript@5.8.3_/node_modules/vitest/dist/chunks/runBaseTests.BV8m0B-u.js:113:2)\n    at runBaseTests (file:///Users/playra/999/node_modules/.pnpm/vitest@3.1.2_@types+debug@4.1.12_@types+node@22.15.2_@vitest+ui@3.1.2_msw@2.7.5_@types+node@22.15.2_typescript@5.8.3_/node_modules/vitest/dist/chunks/base.k5EeHg0m.js:35:2)"],"meta":{}}],"startTime":1745752865934,"endTime":1745753000957.9805,"status":"failed","message":"","name":"/Users/playra/999/src/__tests__/e2e/coding-agent-flow.e2e.test.ts"}]}