{"/Users/playra/999/src/agentDefinitions.ts": {"path":"/Users/playra/999/src/agentDefinitions.ts","all":false,"statementMap":{"0":{"start":{"line":1,"column":0},"end":{"line":1,"column":8}},"7":{"start":{"line":8,"column":0},"end":{"line":8,"column":45}},"10":{"start":{"line":11,"column":0},"end":{"line":11,"column":78}},"44":{"start":{"line":45,"column":0},"end":{"line":45,"column":35}},"45":{"start":{"line":46,"column":0},"end":{"line":46,"column":11}},"46":{"start":{"line":47,"column":0},"end":{"line":47,"column":9}},"47":{"start":{"line":48,"column":0},"end":{"line":48,"column":12}},"48":{"start":{"line":49,"column":0},"end":{"line":49,"column":6}},"49":{"start":{"line":50,"column":0},"end":{"line":50,"column":23}},"50":{"start":{"line":51,"column":0},"end":{"line":51,"column":22}},"51":{"start":{"line":52,"column":0},"end":{"line":52,"column":25}},"52":{"start":{"line":53,"column":0},"end":{"line":53,"column":76}},"53":{"start":{"line":54,"column":0},"end":{"line":54,"column":42}},"73":{"start":{"line":74,"column":0},"end":{"line":74,"column":21}},"74":{"start":{"line":75,"column":0},"end":{"line":75,"column":21}},"75":{"start":{"line":76,"column":0},"end":{"line":76,"column":23}},"76":{"start":{"line":77,"column":0},"end":{"line":77,"column":7}},"77":{"start":{"line":78,"column":0},"end":{"line":78,"column":20}},"78":{"start":{"line":79,"column":0},"end":{"line":79,"column":16}},"79":{"start":{"line":80,"column":0},"end":{"line":80,"column":73}},"80":{"start":{"line":81,"column":0},"end":{"line":81,"column":59}},"81":{"start":{"line":82,"column":0},"end":{"line":82,"column":6}},"82":{"start":{"line":83,"column":0},"end":{"line":83,"column":4}},"83":{"start":{"line":84,"column":0},"end":{"line":84,"column":1}},"85":{"start":{"line":86,"column":0},"end":{"line":86,"column":35}},"86":{"start":{"line":87,"column":0},"end":{"line":87,"column":11}},"87":{"start":{"line":88,"column":0},"end":{"line":88,"column":9}},"88":{"start":{"line":89,"column":0},"end":{"line":89,"column":12}},"89":{"start":{"line":90,"column":0},"end":{"line":90,"column":6}},"90":{"start":{"line":91,"column":0},"end":{"line":91,"column":23}},"91":{"start":{"line":92,"column":0},"end":{"line":92,"column":22}},"92":{"start":{"line":93,"column":0},"end":{"line":93,"column":25}},"93":{"start":{"line":94,"column":0},"end":{"line":94,"column":16}},"94":{"start":{"line":95,"column":0},"end":{"line":95,"column":82}},"95":{"start":{"line":96,"column":0},"end":{"line":96,"column":49}},"106":{"start":{"line":107,"column":0},"end":{"line":107,"column":21}},"107":{"start":{"line":108,"column":0},"end":{"line":108,"column":21}},"108":{"start":{"line":109,"column":0},"end":{"line":109,"column":23}},"109":{"start":{"line":110,"column":0},"end":{"line":110,"column":7}},"110":{"start":{"line":111,"column":0},"end":{"line":111,"column":20}},"111":{"start":{"line":112,"column":0},"end":{"line":112,"column":16}},"112":{"start":{"line":113,"column":0},"end":{"line":113,"column":73}},"113":{"start":{"line":114,"column":0},"end":{"line":114,"column":59}},"114":{"start":{"line":115,"column":0},"end":{"line":115,"column":6}},"115":{"start":{"line":116,"column":0},"end":{"line":116,"column":4}},"116":{"start":{"line":117,"column":0},"end":{"line":117,"column":1}},"118":{"start":{"line":119,"column":0},"end":{"line":119,"column":35}},"119":{"start":{"line":120,"column":0},"end":{"line":120,"column":11}},"120":{"start":{"line":121,"column":0},"end":{"line":121,"column":9}},"121":{"start":{"line":122,"column":0},"end":{"line":122,"column":12}},"122":{"start":{"line":123,"column":0},"end":{"line":123,"column":6}},"123":{"start":{"line":124,"column":0},"end":{"line":124,"column":23}},"124":{"start":{"line":125,"column":0},"end":{"line":125,"column":22}},"125":{"start":{"line":126,"column":0},"end":{"line":126,"column":25}},"126":{"start":{"line":127,"column":0},"end":{"line":127,"column":16}},"127":{"start":{"line":128,"column":0},"end":{"line":128,"column":87}},"128":{"start":{"line":129,"column":0},"end":{"line":129,"column":41}},"130":{"start":{"line":131,"column":0},"end":{"line":131,"column":45}},"131":{"start":{"line":132,"column":0},"end":{"line":132,"column":43}},"132":{"start":{"line":133,"column":0},"end":{"line":133,"column":33}},"133":{"start":{"line":134,"column":0},"end":{"line":134,"column":180}},"134":{"start":{"line":135,"column":0},"end":{"line":135,"column":30}},"136":{"start":{"line":137,"column":0},"end":{"line":137,"column":62}},"137":{"start":{"line":138,"column":0},"end":{"line":138,"column":70}},"138":{"start":{"line":139,"column":0},"end":{"line":139,"column":25}},"139":{"start":{"line":140,"column":0},"end":{"line":140,"column":67}},"140":{"start":{"line":141,"column":0},"end":{"line":141,"column":69}},"141":{"start":{"line":142,"column":0},"end":{"line":142,"column":128}},"142":{"start":{"line":143,"column":0},"end":{"line":143,"column":24}},"143":{"start":{"line":144,"column":0},"end":{"line":144,"column":38}},"144":{"start":{"line":145,"column":0},"end":{"line":145,"column":58}},"145":{"start":{"line":146,"column":0},"end":{"line":146,"column":24}},"146":{"start":{"line":147,"column":0},"end":{"line":147,"column":67}},"147":{"start":{"line":148,"column":0},"end":{"line":148,"column":175}},"148":{"start":{"line":149,"column":0},"end":{"line":149,"column":14}},"149":{"start":{"line":150,"column":0},"end":{"line":150,"column":117}},"150":{"start":{"line":151,"column":0},"end":{"line":151,"column":7}},"152":{"start":{"line":153,"column":0},"end":{"line":153,"column":591}},"153":{"start":{"line":154,"column":0},"end":{"line":154,"column":24}},"154":{"start":{"line":155,"column":0},"end":{"line":155,"column":6}},"155":{"start":{"line":156,"column":0},"end":{"line":156,"column":21}},"156":{"start":{"line":157,"column":0},"end":{"line":157,"column":21}},"157":{"start":{"line":158,"column":0},"end":{"line":158,"column":23}},"158":{"start":{"line":159,"column":0},"end":{"line":159,"column":7}},"159":{"start":{"line":160,"column":0},"end":{"line":160,"column":79}},"160":{"start":{"line":161,"column":0},"end":{"line":161,"column":16}},"161":{"start":{"line":162,"column":0},"end":{"line":162,"column":73}},"162":{"start":{"line":163,"column":0},"end":{"line":163,"column":59}},"163":{"start":{"line":164,"column":0},"end":{"line":164,"column":6}},"164":{"start":{"line":165,"column":0},"end":{"line":165,"column":4}},"165":{"start":{"line":166,"column":0},"end":{"line":166,"column":1}},"171":{"start":{"line":172,"column":0},"end":{"line":172,"column":44}},"172":{"start":{"line":173,"column":0},"end":{"line":173,"column":9}},"173":{"start":{"line":174,"column":0},"end":{"line":174,"column":6}},"174":{"start":{"line":175,"column":0},"end":{"line":175,"column":4}},"177":{"start":{"line":178,"column":0},"end":{"line":178,"column":26}},"178":{"start":{"line":179,"column":0},"end":{"line":179,"column":47}},"180":{"start":{"line":181,"column":0},"end":{"line":181,"column":70}},"181":{"start":{"line":182,"column":0},"end":{"line":182,"column":31}},"182":{"start":{"line":183,"column":0},"end":{"line":183,"column":78}},"184":{"start":{"line":185,"column":0},"end":{"line":185,"column":28}},"185":{"start":{"line":186,"column":0},"end":{"line":186,"column":75}},"186":{"start":{"line":187,"column":0},"end":{"line":187,"column":46}},"187":{"start":{"line":188,"column":0},"end":{"line":188,"column":44}},"188":{"start":{"line":189,"column":0},"end":{"line":189,"column":6}},"189":{"start":{"line":190,"column":0},"end":{"line":190,"column":58}},"190":{"start":{"line":191,"column":0},"end":{"line":191,"column":10}},"191":{"start":{"line":192,"column":0},"end":{"line":192,"column":55}},"192":{"start":{"line":193,"column":0},"end":{"line":193,"column":42}},"193":{"start":{"line":194,"column":0},"end":{"line":194,"column":56}},"194":{"start":{"line":195,"column":0},"end":{"line":195,"column":5}},"196":{"start":{"line":197,"column":0},"end":{"line":197,"column":30}},"197":{"start":{"line":198,"column":0},"end":{"line":198,"column":79}},"198":{"start":{"line":199,"column":0},"end":{"line":199,"column":41}},"199":{"start":{"line":200,"column":0},"end":{"line":200,"column":8}},"200":{"start":{"line":201,"column":0},"end":{"line":201,"column":31}},"201":{"start":{"line":202,"column":0},"end":{"line":202,"column":12}},"202":{"start":{"line":203,"column":0},"end":{"line":203,"column":62}},"210":{"start":{"line":211,"column":0},"end":{"line":211,"column":33}},"211":{"start":{"line":212,"column":0},"end":{"line":212,"column":12}},"212":{"start":{"line":213,"column":0},"end":{"line":213,"column":17}},"213":{"start":{"line":214,"column":0},"end":{"line":214,"column":23}},"214":{"start":{"line":215,"column":0},"end":{"line":215,"column":76}},"215":{"start":{"line":216,"column":0},"end":{"line":216,"column":24}},"216":{"start":{"line":217,"column":0},"end":{"line":217,"column":9}},"217":{"start":{"line":218,"column":0},"end":{"line":218,"column":33}},"218":{"start":{"line":219,"column":0},"end":{"line":219,"column":52}},"219":{"start":{"line":220,"column":0},"end":{"line":220,"column":12}},"220":{"start":{"line":221,"column":0},"end":{"line":221,"column":17}},"221":{"start":{"line":222,"column":0},"end":{"line":222,"column":23}},"222":{"start":{"line":223,"column":0},"end":{"line":223,"column":85}},"223":{"start":{"line":224,"column":0},"end":{"line":224,"column":24}},"224":{"start":{"line":225,"column":0},"end":{"line":225,"column":9}},"225":{"start":{"line":226,"column":0},"end":{"line":226,"column":33}},"226":{"start":{"line":227,"column":0},"end":{"line":227,"column":14}},"227":{"start":{"line":228,"column":0},"end":{"line":228,"column":46}},"228":{"start":{"line":229,"column":0},"end":{"line":229,"column":44}},"229":{"start":{"line":230,"column":0},"end":{"line":230,"column":67}},"230":{"start":{"line":231,"column":0},"end":{"line":231,"column":56}},"231":{"start":{"line":232,"column":0},"end":{"line":232,"column":9}},"233":{"start":{"line":234,"column":0},"end":{"line":234,"column":32}},"234":{"start":{"line":235,"column":0},"end":{"line":235,"column":34}},"235":{"start":{"line":236,"column":0},"end":{"line":236,"column":14}},"236":{"start":{"line":237,"column":0},"end":{"line":237,"column":19}},"237":{"start":{"line":238,"column":0},"end":{"line":238,"column":25}},"238":{"start":{"line":239,"column":0},"end":{"line":239,"column":56}},"239":{"start":{"line":240,"column":0},"end":{"line":240,"column":82}},"240":{"start":{"line":241,"column":0},"end":{"line":241,"column":11}},"243":{"start":{"line":244,"column":0},"end":{"line":244,"column":16}},"244":{"start":{"line":245,"column":0},"end":{"line":245,"column":14}},"245":{"start":{"line":246,"column":0},"end":{"line":246,"column":19}},"246":{"start":{"line":247,"column":0},"end":{"line":247,"column":25}},"247":{"start":{"line":248,"column":0},"end":{"line":248,"column":72}},"248":{"start":{"line":249,"column":0},"end":{"line":249,"column":106}},"249":{"start":{"line":250,"column":0},"end":{"line":250,"column":11}},"250":{"start":{"line":251,"column":0},"end":{"line":251,"column":35}},"251":{"start":{"line":252,"column":0},"end":{"line":252,"column":9}},"252":{"start":{"line":253,"column":0},"end":{"line":253,"column":7}},"253":{"start":{"line":254,"column":0},"end":{"line":254,"column":5}},"254":{"start":{"line":255,"column":0},"end":{"line":255,"column":3}},"256":{"start":{"line":257,"column":0},"end":{"line":257,"column":28}},"257":{"start":{"line":258,"column":0},"end":{"line":258,"column":69}},"258":{"start":{"line":259,"column":0},"end":{"line":259,"column":41}},"259":{"start":{"line":260,"column":0},"end":{"line":260,"column":6}},"260":{"start":{"line":261,"column":0},"end":{"line":261,"column":34}},"261":{"start":{"line":262,"column":0},"end":{"line":262,"column":8}},"262":{"start":{"line":263,"column":0},"end":{"line":263,"column":13}},"263":{"start":{"line":264,"column":0},"end":{"line":264,"column":19}},"264":{"start":{"line":265,"column":0},"end":{"line":265,"column":58}},"265":{"start":{"line":266,"column":0},"end":{"line":266,"column":7}},"266":{"start":{"line":267,"column":0},"end":{"line":267,"column":26}},"267":{"start":{"line":268,"column":0},"end":{"line":268,"column":7}},"268":{"start":{"line":269,"column":0},"end":{"line":269,"column":5}},"271":{"start":{"line":272,"column":0},"end":{"line":272,"column":33}},"272":{"start":{"line":273,"column":0},"end":{"line":273,"column":8}},"273":{"start":{"line":274,"column":0},"end":{"line":274,"column":13}},"274":{"start":{"line":275,"column":0},"end":{"line":275,"column":19}},"275":{"start":{"line":276,"column":0},"end":{"line":276,"column":57}},"276":{"start":{"line":277,"column":0},"end":{"line":277,"column":8}},"277":{"start":{"line":278,"column":0},"end":{"line":278,"column":5}},"280":{"start":{"line":281,"column":0},"end":{"line":281,"column":10}},"282":{"start":{"line":283,"column":0},"end":{"line":283,"column":73}},"283":{"start":{"line":284,"column":0},"end":{"line":284,"column":24}},"284":{"start":{"line":285,"column":0},"end":{"line":285,"column":25}},"285":{"start":{"line":286,"column":0},"end":{"line":286,"column":6}},"286":{"start":{"line":287,"column":0},"end":{"line":287,"column":3}},"289":{"start":{"line":290,"column":0},"end":{"line":290,"column":15}},"290":{"start":{"line":291,"column":0},"end":{"line":291,"column":1}},"295":{"start":{"line":296,"column":0},"end":{"line":296,"column":44}},"296":{"start":{"line":297,"column":0},"end":{"line":297,"column":9}},"297":{"start":{"line":298,"column":0},"end":{"line":298,"column":6}},"298":{"start":{"line":299,"column":0},"end":{"line":299,"column":4}},"301":{"start":{"line":302,"column":0},"end":{"line":302,"column":26}},"302":{"start":{"line":303,"column":0},"end":{"line":303,"column":47}},"303":{"start":{"line":304,"column":0},"end":{"line":304,"column":6}},"304":{"start":{"line":305,"column":0},"end":{"line":305,"column":11}},"305":{"start":{"line":306,"column":0},"end":{"line":306,"column":17}},"306":{"start":{"line":307,"column":0},"end":{"line":307,"column":63}},"307":{"start":{"line":308,"column":0},"end":{"line":308,"column":40}},"308":{"start":{"line":309,"column":0},"end":{"line":309,"column":3}},"315":{"start":{"line":316,"column":0},"end":{"line":316,"column":15}},"316":{"start":{"line":317,"column":0},"end":{"line":317,"column":1}},"321":{"start":{"line":322,"column":0},"end":{"line":322,"column":44}},"322":{"start":{"line":323,"column":0},"end":{"line":323,"column":9}},"323":{"start":{"line":324,"column":0},"end":{"line":324,"column":6}},"324":{"start":{"line":325,"column":0},"end":{"line":325,"column":4}},"327":{"start":{"line":328,"column":0},"end":{"line":328,"column":26}},"328":{"start":{"line":329,"column":0},"end":{"line":329,"column":47}},"329":{"start":{"line":330,"column":0},"end":{"line":330,"column":6}},"330":{"start":{"line":331,"column":0},"end":{"line":331,"column":11}},"331":{"start":{"line":332,"column":0},"end":{"line":332,"column":17}},"332":{"start":{"line":333,"column":0},"end":{"line":333,"column":63}},"333":{"start":{"line":334,"column":0},"end":{"line":334,"column":40}},"334":{"start":{"line":335,"column":0},"end":{"line":335,"column":3}},"340":{"start":{"line":341,"column":0},"end":{"line":341,"column":15}},"341":{"start":{"line":342,"column":0},"end":{"line":342,"column":1}}},"s":{"0":1,"7":1,"10":1,"44":1,"45":1,"46":1,"47":1,"48":1,"49":1,"50":1,"51":1,"52":1,"53":1,"73":1,"74":1,"75":1,"76":1,"77":1,"78":1,"79":1,"80":0,"81":1,"82":1,"83":1,"85":1,"86":1,"87":1,"88":1,"89":1,"90":1,"91":1,"92":1,"93":1,"94":1,"95":1,"106":1,"107":1,"108":1,"109":1,"110":1,"111":1,"112":1,"113":0,"114":1,"115":1,"116":1,"118":1,"119":1,"120":1,"121":1,"122":1,"123":1,"124":1,"125":1,"126":1,"127":1,"128":1,"130":0,"131":0,"132":0,"133":0,"134":0,"136":0,"137":0,"138":0,"139":0,"140":0,"141":0,"142":0,"143":0,"144":0,"145":0,"146":0,"147":0,"148":0,"149":0,"150":0,"152":0,"153":0,"154":0,"155":1,"156":1,"157":1,"158":1,"159":1,"160":1,"161":1,"162":0,"163":1,"164":1,"165":1,"171":5,"172":5,"173":5,"174":5,"177":5,"178":5,"180":5,"181":5,"182":5,"184":5,"185":1,"186":1,"187":1,"188":1,"189":1,"190":5,"191":4,"192":4,"193":3,"194":4,"196":4,"197":1,"198":1,"199":1,"200":1,"201":4,"202":3,"210":3,"211":1,"212":1,"213":1,"214":1,"215":1,"216":1,"217":1,"218":3,"219":0,"220":0,"221":0,"222":0,"223":0,"224":0,"225":0,"226":2,"227":2,"228":2,"229":2,"230":2,"231":2,"233":2,"234":1,"235":1,"236":1,"237":1,"238":1,"239":1,"240":1,"243":1,"244":1,"245":1,"246":1,"247":1,"248":1,"249":1,"250":1,"251":1,"252":2,"253":3,"254":4,"256":5,"257":1,"258":1,"259":1,"260":5,"261":3,"262":3,"263":3,"264":3,"265":3,"266":3,"267":3,"268":3,"271":4,"272":1,"273":1,"274":1,"275":1,"276":1,"277":1,"280":1,"282":0,"283":0,"284":0,"285":0,"286":0,"289":5,"290":5,"295":0,"296":0,"297":0,"298":0,"301":0,"302":0,"303":0,"304":0,"305":0,"306":0,"307":0,"308":0,"315":0,"316":0,"321":0,"322":0,"323":0,"324":0,"327":0,"328":0,"329":0,"330":0,"331":0,"332":0,"333":0,"334":0,"340":0,"341":0},"branchMap":{"0":{"type":"branch","line":45,"loc":{"start":{"line":45,"column":7},"end":{"line":84,"column":1}},"locations":[{"start":{"line":45,"column":7},"end":{"line":84,"column":1}}]},"1":{"type":"branch","line":86,"loc":{"start":{"line":86,"column":7},"end":{"line":117,"column":1}},"locations":[{"start":{"line":86,"column":7},"end":{"line":117,"column":1}}]},"2":{"type":"branch","line":119,"loc":{"start":{"line":119,"column":7},"end":{"line":166,"column":1}},"locations":[{"start":{"line":119,"column":7},"end":{"line":166,"column":1}}]},"3":{"type":"branch","line":160,"loc":{"start":{"line":160,"column":27},"end":{"line":160,"column":77}},"locations":[{"start":{"line":160,"column":27},"end":{"line":160,"column":77}}]},"4":{"type":"branch","line":172,"loc":{"start":{"line":172,"column":0},"end":{"line":291,"column":1}},"locations":[{"start":{"line":172,"column":0},"end":{"line":291,"column":1}}]},"5":{"type":"branch","line":185,"loc":{"start":{"line":185,"column":27},"end":{"line":191,"column":9}},"locations":[{"start":{"line":185,"column":27},"end":{"line":191,"column":9}}]},"6":{"type":"branch","line":191,"loc":{"start":{"line":191,"column":2},"end":{"line":255,"column":3}},"locations":[{"start":{"line":191,"column":2},"end":{"line":255,"column":3}}]},"7":{"type":"branch","line":197,"loc":{"start":{"line":197,"column":29},"end":{"line":202,"column":11}},"locations":[{"start":{"line":197,"column":29},"end":{"line":202,"column":11}}]},"8":{"type":"branch","line":202,"loc":{"start":{"line":202,"column":4},"end":{"line":254,"column":5}},"locations":[{"start":{"line":202,"column":4},"end":{"line":254,"column":5}}]},"9":{"type":"branch","line":211,"loc":{"start":{"line":211,"column":32},"end":{"line":219,"column":17}},"locations":[{"start":{"line":211,"column":32},"end":{"line":219,"column":17}}]},"10":{"type":"branch","line":219,"loc":{"start":{"line":219,"column":6},"end":{"line":253,"column":7}},"locations":[{"start":{"line":219,"column":6},"end":{"line":253,"column":7}}]},"11":{"type":"branch","line":219,"loc":{"start":{"line":219,"column":51},"end":{"line":227,"column":13}},"locations":[{"start":{"line":219,"column":51},"end":{"line":227,"column":13}}]},"12":{"type":"branch","line":234,"loc":{"start":{"line":234,"column":12},"end":{"line":234,"column":31}},"locations":[{"start":{"line":234,"column":12},"end":{"line":234,"column":31}}]},"13":{"type":"branch","line":234,"loc":{"start":{"line":234,"column":31},"end":{"line":252,"column":9}},"locations":[{"start":{"line":234,"column":31},"end":{"line":252,"column":9}}]},"14":{"type":"branch","line":240,"loc":{"start":{"line":240,"column":33},"end":{"line":240,"column":55}},"locations":[{"start":{"line":240,"column":33},"end":{"line":240,"column":55}}]},"15":{"type":"branch","line":257,"loc":{"start":{"line":257,"column":27},"end":{"line":261,"column":13}},"locations":[{"start":{"line":257,"column":27},"end":{"line":261,"column":13}}]},"16":{"type":"branch","line":261,"loc":{"start":{"line":261,"column":2},"end":{"line":287,"column":3}},"locations":[{"start":{"line":261,"column":2},"end":{"line":287,"column":3}}]},"17":{"type":"branch","line":261,"loc":{"start":{"line":261,"column":33},"end":{"line":272,"column":13}},"locations":[{"start":{"line":261,"column":33},"end":{"line":272,"column":13}}]},"18":{"type":"branch","line":272,"loc":{"start":{"line":272,"column":2},"end":{"line":287,"column":3}},"locations":[{"start":{"line":272,"column":2},"end":{"line":287,"column":3}}]},"19":{"type":"branch","line":281,"loc":{"start":{"line":281,"column":2},"end":{"line":287,"column":3}},"locations":[{"start":{"line":281,"column":2},"end":{"line":287,"column":3}}]},"20":{"type":"branch","line":193,"loc":{"start":{"line":193,"column":6},"end":{"line":194,"column":56}},"locations":[{"start":{"line":193,"column":6},"end":{"line":194,"column":56}}]},"21":{"type":"branch","line":230,"loc":{"start":{"line":230,"column":10},"end":{"line":231,"column":56}},"locations":[{"start":{"line":230,"column":10},"end":{"line":231,"column":56}}]},"22":{"type":"branch","line":231,"loc":{"start":{"line":231,"column":23},"end":{"line":231,"column":56}},"locations":[{"start":{"line":231,"column":23},"end":{"line":231,"column":56}}]},"23":{"type":"branch","line":249,"loc":{"start":{"line":249,"column":47},"end":{"line":249,"column":75}},"locations":[{"start":{"line":249,"column":47},"end":{"line":249,"column":75}}]},"24":{"type":"branch","line":249,"loc":{"start":{"line":249,"column":61},"end":{"line":249,"column":75}},"locations":[{"start":{"line":249,"column":61},"end":{"line":249,"column":75}}]}},"b":{"0":[1],"1":[1],"2":[1],"3":[2],"4":[5],"5":[1],"6":[4],"7":[1],"8":[3],"9":[1],"10":[2],"11":[0],"12":[1],"13":[1],"14":[0],"15":[1],"16":[4],"17":[3],"18":[1],"19":[0],"20":[3],"21":[2],"22":[1],"23":[1],"24":[0]},"fnMap":{"0":{"name":"createTesterAgent","decl":{"start":{"line":45,"column":7},"end":{"line":84,"column":1}},"loc":{"start":{"line":45,"column":7},"end":{"line":84,"column":1}},"line":45},"1":{"name":"onFinish","decl":{"start":{"line":80,"column":16},"end":{"line":81,"column":59}},"loc":{"start":{"line":80,"column":16},"end":{"line":81,"column":59}},"line":80},"2":{"name":"createCodingAgent","decl":{"start":{"line":86,"column":7},"end":{"line":117,"column":1}},"loc":{"start":{"line":86,"column":7},"end":{"line":117,"column":1}},"line":86},"3":{"name":"onFinish","decl":{"start":{"line":113,"column":16},"end":{"line":114,"column":59}},"loc":{"start":{"line":113,"column":16},"end":{"line":114,"column":59}},"line":113},"4":{"name":"createCriticAgent","decl":{"start":{"line":119,"column":7},"end":{"line":166,"column":1}},"loc":{"start":{"line":119,"column":7},"end":{"line":166,"column":1}},"line":119},"5":{"name":"system","decl":{"start":{"line":129,"column":12},"end":{"line":155,"column":6}},"loc":{"start":{"line":129,"column":12},"end":{"line":155,"column":6}},"line":129},"6":{"name":"onFinish","decl":{"start":{"line":162,"column":16},"end":{"line":163,"column":59}},"loc":{"start":{"line":162,"column":16},"end":{"line":163,"column":59}},"line":162},"7":{"name":"TesterAgent_onFinish","decl":{"start":{"line":172,"column":0},"end":{"line":291,"column":1}},"loc":{"start":{"line":172,"column":0},"end":{"line":291,"column":1}},"line":172},"8":{"name":"CodingAgent_onFinish","decl":{"start":{"line":296,"column":0},"end":{"line":317,"column":1}},"loc":{"start":{"line":296,"column":0},"end":{"line":317,"column":1}},"line":296},"9":{"name":"CriticAgent_onFinish","decl":{"start":{"line":322,"column":0},"end":{"line":342,"column":1}},"loc":{"start":{"line":322,"column":0},"end":{"line":342,"column":1}},"line":322}},"f":{"0":1,"1":0,"2":1,"3":0,"4":1,"5":0,"6":0,"7":5,"8":0,"9":0}}
,"/Users/playra/999/src/index.ts": {"path":"/Users/playra/999/src/index.ts","all":false,"statementMap":{"1":{"start":{"line":2,"column":0},"end":{"line":2,"column":22}},"3":{"start":{"line":4,"column":0},"end":{"line":4,"column":33}},"4":{"start":{"line":5,"column":0},"end":{"line":5,"column":47}},"5":{"start":{"line":6,"column":0},"end":{"line":6,"column":47}},"6":{"start":{"line":7,"column":0},"end":{"line":7,"column":50}},"7":{"start":{"line":8,"column":0},"end":{"line":8,"column":77}},"8":{"start":{"line":9,"column":0},"end":{"line":9,"column":50}},"9":{"start":{"line":10,"column":0},"end":{"line":10,"column":8}},"14":{"start":{"line":15,"column":0},"end":{"line":15,"column":39}},"18":{"start":{"line":19,"column":0},"end":{"line":19,"column":57}},"24":{"start":{"line":25,"column":0},"end":{"line":25,"column":35}},"25":{"start":{"line":26,"column":0},"end":{"line":26,"column":8}},"26":{"start":{"line":27,"column":0},"end":{"line":27,"column":23}},"27":{"start":{"line":28,"column":0},"end":{"line":28,"column":4}},"30":{"start":{"line":31,"column":0},"end":{"line":31,"column":4}},"33":{"start":{"line":34,"column":0},"end":{"line":34,"column":7}},"35":{"start":{"line":36,"column":0},"end":{"line":36,"column":28}},"36":{"start":{"line":37,"column":0},"end":{"line":37,"column":19}},"37":{"start":{"line":38,"column":0},"end":{"line":38,"column":45}},"38":{"start":{"line":39,"column":0},"end":{"line":39,"column":5}},"39":{"start":{"line":40,"column":0},"end":{"line":40,"column":57}},"40":{"start":{"line":41,"column":0},"end":{"line":41,"column":14}},"41":{"start":{"line":42,"column":0},"end":{"line":42,"column":28}},"42":{"start":{"line":43,"column":0},"end":{"line":43,"column":6}},"43":{"start":{"line":44,"column":0},"end":{"line":44,"column":77}},"46":{"start":{"line":47,"column":0},"end":{"line":47,"column":79}},"47":{"start":{"line":48,"column":0},"end":{"line":48,"column":33}},"48":{"start":{"line":49,"column":0},"end":{"line":49,"column":5}},"51":{"start":{"line":52,"column":0},"end":{"line":52,"column":68}},"52":{"start":{"line":53,"column":0},"end":{"line":53,"column":71}},"53":{"start":{"line":54,"column":0},"end":{"line":54,"column":16}},"54":{"start":{"line":55,"column":0},"end":{"line":55,"column":8}},"55":{"start":{"line":56,"column":0},"end":{"line":56,"column":44}},"56":{"start":{"line":57,"column":0},"end":{"line":57,"column":66}},"57":{"start":{"line":58,"column":0},"end":{"line":58,"column":16}},"58":{"start":{"line":59,"column":0},"end":{"line":59,"column":40}},"59":{"start":{"line":60,"column":0},"end":{"line":60,"column":8}},"60":{"start":{"line":61,"column":0},"end":{"line":61,"column":30}},"61":{"start":{"line":62,"column":0},"end":{"line":62,"column":6}},"62":{"start":{"line":63,"column":0},"end":{"line":63,"column":80}},"65":{"start":{"line":66,"column":0},"end":{"line":66,"column":60}},"66":{"start":{"line":67,"column":0},"end":{"line":67,"column":14}},"67":{"start":{"line":68,"column":0},"end":{"line":68,"column":16}},"68":{"start":{"line":69,"column":0},"end":{"line":69,"column":6}},"69":{"start":{"line":70,"column":0},"end":{"line":70,"column":77}},"70":{"start":{"line":71,"column":0},"end":{"line":71,"column":66}},"73":{"start":{"line":74,"column":0},"end":{"line":74,"column":73}},"74":{"start":{"line":75,"column":0},"end":{"line":75,"column":23}},"75":{"start":{"line":76,"column":0},"end":{"line":76,"column":15}},"76":{"start":{"line":77,"column":0},"end":{"line":77,"column":10}},"77":{"start":{"line":78,"column":0},"end":{"line":78,"column":14}},"78":{"start":{"line":79,"column":0},"end":{"line":79,"column":16}},"79":{"start":{"line":80,"column":0},"end":{"line":80,"column":44}},"80":{"start":{"line":81,"column":0},"end":{"line":81,"column":64}},"81":{"start":{"line":82,"column":0},"end":{"line":82,"column":37}},"82":{"start":{"line":83,"column":0},"end":{"line":83,"column":5}},"83":{"start":{"line":84,"column":0},"end":{"line":84,"column":52}},"84":{"start":{"line":85,"column":0},"end":{"line":85,"column":52}},"85":{"start":{"line":86,"column":0},"end":{"line":86,"column":52}},"86":{"start":{"line":87,"column":0},"end":{"line":87,"column":68}},"89":{"start":{"line":90,"column":0},"end":{"line":90,"column":46}},"90":{"start":{"line":91,"column":0},"end":{"line":91,"column":18}},"91":{"start":{"line":92,"column":0},"end":{"line":92,"column":18}},"92":{"start":{"line":93,"column":0},"end":{"line":93,"column":17}},"93":{"start":{"line":94,"column":0},"end":{"line":94,"column":5}},"97":{"start":{"line":98,"column":0},"end":{"line":98,"column":78}},"100":{"start":{"line":101,"column":0},"end":{"line":101,"column":8}},"101":{"start":{"line":102,"column":0},"end":{"line":102,"column":13}},"102":{"start":{"line":103,"column":0},"end":{"line":103,"column":24}},"103":{"start":{"line":104,"column":0},"end":{"line":104,"column":52}},"104":{"start":{"line":105,"column":0},"end":{"line":105,"column":47}},"105":{"start":{"line":106,"column":0},"end":{"line":106,"column":5}},"108":{"start":{"line":109,"column":0},"end":{"line":109,"column":77}},"109":{"start":{"line":110,"column":0},"end":{"line":110,"column":56}},"110":{"start":{"line":111,"column":0},"end":{"line":111,"column":23}},"111":{"start":{"line":112,"column":0},"end":{"line":112,"column":65}},"112":{"start":{"line":113,"column":0},"end":{"line":113,"column":5}},"114":{"start":{"line":115,"column":0},"end":{"line":115,"column":43}},"115":{"start":{"line":116,"column":0},"end":{"line":116,"column":24}},"116":{"start":{"line":117,"column":0},"end":{"line":117,"column":27}},"117":{"start":{"line":118,"column":0},"end":{"line":118,"column":27}},"118":{"start":{"line":119,"column":0},"end":{"line":119,"column":5}},"119":{"start":{"line":120,"column":0},"end":{"line":120,"column":61}},"120":{"start":{"line":121,"column":0},"end":{"line":121,"column":80}},"121":{"start":{"line":122,"column":0},"end":{"line":122,"column":85}},"122":{"start":{"line":123,"column":0},"end":{"line":123,"column":8}},"123":{"start":{"line":124,"column":0},"end":{"line":124,"column":13}},"124":{"start":{"line":125,"column":0},"end":{"line":125,"column":24}},"125":{"start":{"line":126,"column":0},"end":{"line":126,"column":62}},"126":{"start":{"line":127,"column":0},"end":{"line":127,"column":7}},"127":{"start":{"line":128,"column":0},"end":{"line":128,"column":16}},"128":{"start":{"line":129,"column":0},"end":{"line":129,"column":7}},"129":{"start":{"line":130,"column":0},"end":{"line":130,"column":5}},"132":{"start":{"line":133,"column":0},"end":{"line":133,"column":58}},"133":{"start":{"line":134,"column":0},"end":{"line":134,"column":56}},"134":{"start":{"line":135,"column":0},"end":{"line":135,"column":10}},"135":{"start":{"line":136,"column":0},"end":{"line":136,"column":15}},"136":{"start":{"line":137,"column":0},"end":{"line":137,"column":24}},"137":{"start":{"line":138,"column":0},"end":{"line":138,"column":58}},"138":{"start":{"line":139,"column":0},"end":{"line":139,"column":30}},"139":{"start":{"line":140,"column":0},"end":{"line":140,"column":7}},"142":{"start":{"line":143,"column":0},"end":{"line":143,"column":52}},"143":{"start":{"line":144,"column":0},"end":{"line":144,"column":57}},"144":{"start":{"line":145,"column":0},"end":{"line":145,"column":47}},"145":{"start":{"line":146,"column":0},"end":{"line":146,"column":79}},"146":{"start":{"line":147,"column":0},"end":{"line":147,"column":16}},"147":{"start":{"line":148,"column":0},"end":{"line":148,"column":22}},"148":{"start":{"line":149,"column":0},"end":{"line":149,"column":8}},"151":{"start":{"line":152,"column":0},"end":{"line":152,"column":37}},"152":{"start":{"line":153,"column":0},"end":{"line":153,"column":53}},"153":{"start":{"line":154,"column":0},"end":{"line":154,"column":54}},"154":{"start":{"line":155,"column":0},"end":{"line":155,"column":50}},"155":{"start":{"line":156,"column":0},"end":{"line":156,"column":64}},"157":{"start":{"line":158,"column":0},"end":{"line":158,"column":11}},"162":{"start":{"line":163,"column":0},"end":{"line":163,"column":67}},"163":{"start":{"line":164,"column":0},"end":{"line":164,"column":34}},"164":{"start":{"line":165,"column":0},"end":{"line":165,"column":77}},"165":{"start":{"line":166,"column":0},"end":{"line":166,"column":51}},"166":{"start":{"line":167,"column":0},"end":{"line":167,"column":20}},"167":{"start":{"line":168,"column":0},"end":{"line":168,"column":22}},"168":{"start":{"line":169,"column":0},"end":{"line":169,"column":45}},"169":{"start":{"line":170,"column":0},"end":{"line":170,"column":12}},"170":{"start":{"line":171,"column":0},"end":{"line":171,"column":83}},"171":{"start":{"line":172,"column":0},"end":{"line":172,"column":25}},"172":{"start":{"line":173,"column":0},"end":{"line":173,"column":39}},"173":{"start":{"line":174,"column":0},"end":{"line":174,"column":69}},"174":{"start":{"line":175,"column":0},"end":{"line":175,"column":11}},"175":{"start":{"line":176,"column":0},"end":{"line":176,"column":38}},"176":{"start":{"line":177,"column":0},"end":{"line":177,"column":73}},"177":{"start":{"line":178,"column":0},"end":{"line":178,"column":73}},"178":{"start":{"line":179,"column":0},"end":{"line":179,"column":83}},"179":{"start":{"line":180,"column":0},"end":{"line":180,"column":25}},"180":{"start":{"line":181,"column":0},"end":{"line":181,"column":39}},"181":{"start":{"line":182,"column":0},"end":{"line":182,"column":69}},"182":{"start":{"line":183,"column":0},"end":{"line":183,"column":11}},"183":{"start":{"line":184,"column":0},"end":{"line":184,"column":16}},"185":{"start":{"line":186,"column":0},"end":{"line":186,"column":34}},"186":{"start":{"line":187,"column":0},"end":{"line":187,"column":47}},"187":{"start":{"line":188,"column":0},"end":{"line":188,"column":56}},"189":{"start":{"line":190,"column":0},"end":{"line":190,"column":78}},"190":{"start":{"line":191,"column":0},"end":{"line":191,"column":24}},"191":{"start":{"line":192,"column":0},"end":{"line":192,"column":16}},"192":{"start":{"line":193,"column":0},"end":{"line":193,"column":54}},"193":{"start":{"line":194,"column":0},"end":{"line":194,"column":48}},"194":{"start":{"line":195,"column":0},"end":{"line":195,"column":32}},"195":{"start":{"line":196,"column":0},"end":{"line":196,"column":38}},"196":{"start":{"line":197,"column":0},"end":{"line":197,"column":57}},"197":{"start":{"line":198,"column":0},"end":{"line":198,"column":31}},"198":{"start":{"line":199,"column":0},"end":{"line":199,"column":44}},"199":{"start":{"line":200,"column":0},"end":{"line":200,"column":75}},"200":{"start":{"line":201,"column":0},"end":{"line":201,"column":17}},"201":{"start":{"line":202,"column":0},"end":{"line":202,"column":22}},"202":{"start":{"line":203,"column":0},"end":{"line":203,"column":50}},"203":{"start":{"line":204,"column":0},"end":{"line":204,"column":58}},"204":{"start":{"line":205,"column":0},"end":{"line":205,"column":31}},"205":{"start":{"line":206,"column":0},"end":{"line":206,"column":46}},"206":{"start":{"line":207,"column":0},"end":{"line":207,"column":58}},"207":{"start":{"line":208,"column":0},"end":{"line":208,"column":17}},"208":{"start":{"line":209,"column":0},"end":{"line":209,"column":15}},"209":{"start":{"line":210,"column":0},"end":{"line":210,"column":19}},"211":{"start":{"line":212,"column":0},"end":{"line":212,"column":47}},"212":{"start":{"line":213,"column":0},"end":{"line":213,"column":56}},"214":{"start":{"line":215,"column":0},"end":{"line":215,"column":78}},"215":{"start":{"line":216,"column":0},"end":{"line":216,"column":24}},"216":{"start":{"line":217,"column":0},"end":{"line":217,"column":16}},"217":{"start":{"line":218,"column":0},"end":{"line":218,"column":53}},"218":{"start":{"line":219,"column":0},"end":{"line":219,"column":58}},"219":{"start":{"line":220,"column":0},"end":{"line":220,"column":31}},"220":{"start":{"line":221,"column":0},"end":{"line":221,"column":37}},"221":{"start":{"line":222,"column":0},"end":{"line":222,"column":57}},"222":{"start":{"line":223,"column":0},"end":{"line":223,"column":31}},"223":{"start":{"line":224,"column":0},"end":{"line":224,"column":43}},"224":{"start":{"line":225,"column":0},"end":{"line":225,"column":75}},"225":{"start":{"line":226,"column":0},"end":{"line":226,"column":17}},"226":{"start":{"line":227,"column":0},"end":{"line":227,"column":22}},"227":{"start":{"line":228,"column":0},"end":{"line":228,"column":60}},"228":{"start":{"line":229,"column":0},"end":{"line":229,"column":67}},"229":{"start":{"line":230,"column":0},"end":{"line":230,"column":31}},"230":{"start":{"line":231,"column":0},"end":{"line":231,"column":45}},"231":{"start":{"line":232,"column":0},"end":{"line":232,"column":58}},"232":{"start":{"line":233,"column":0},"end":{"line":233,"column":17}},"233":{"start":{"line":234,"column":0},"end":{"line":234,"column":15}},"234":{"start":{"line":235,"column":0},"end":{"line":235,"column":19}},"236":{"start":{"line":237,"column":0},"end":{"line":237,"column":56}},"237":{"start":{"line":238,"column":0},"end":{"line":238,"column":56}},"239":{"start":{"line":240,"column":0},"end":{"line":240,"column":78}},"240":{"start":{"line":241,"column":0},"end":{"line":241,"column":24}},"241":{"start":{"line":242,"column":0},"end":{"line":242,"column":16}},"242":{"start":{"line":243,"column":0},"end":{"line":243,"column":21}},"243":{"start":{"line":244,"column":0},"end":{"line":244,"column":25}},"244":{"start":{"line":245,"column":0},"end":{"line":245,"column":30}},"245":{"start":{"line":246,"column":0},"end":{"line":246,"column":27}},"246":{"start":{"line":247,"column":0},"end":{"line":247,"column":35}},"247":{"start":{"line":248,"column":0},"end":{"line":248,"column":54}},"248":{"start":{"line":249,"column":0},"end":{"line":249,"column":29}},"249":{"start":{"line":250,"column":0},"end":{"line":250,"column":72}},"250":{"start":{"line":251,"column":0},"end":{"line":251,"column":47}},"251":{"start":{"line":252,"column":0},"end":{"line":252,"column":47}},"253":{"start":{"line":254,"column":0},"end":{"line":254,"column":32}},"254":{"start":{"line":255,"column":0},"end":{"line":255,"column":38}},"255":{"start":{"line":256,"column":0},"end":{"line":256,"column":57}},"256":{"start":{"line":257,"column":0},"end":{"line":257,"column":31}},"257":{"start":{"line":258,"column":0},"end":{"line":258,"column":44}},"258":{"start":{"line":259,"column":0},"end":{"line":259,"column":75}},"259":{"start":{"line":260,"column":0},"end":{"line":260,"column":17}},"260":{"start":{"line":261,"column":0},"end":{"line":261,"column":41}},"261":{"start":{"line":262,"column":0},"end":{"line":262,"column":28}},"262":{"start":{"line":263,"column":0},"end":{"line":263,"column":74}},"263":{"start":{"line":264,"column":0},"end":{"line":264,"column":60}},"264":{"start":{"line":265,"column":0},"end":{"line":265,"column":60}},"265":{"start":{"line":266,"column":0},"end":{"line":266,"column":31}},"266":{"start":{"line":267,"column":0},"end":{"line":267,"column":23}},"267":{"start":{"line":268,"column":0},"end":{"line":268,"column":76}},"268":{"start":{"line":269,"column":0},"end":{"line":269,"column":57}},"269":{"start":{"line":270,"column":0},"end":{"line":270,"column":58}},"270":{"start":{"line":271,"column":0},"end":{"line":271,"column":58}},"271":{"start":{"line":272,"column":0},"end":{"line":272,"column":17}},"272":{"start":{"line":273,"column":0},"end":{"line":273,"column":20}},"273":{"start":{"line":274,"column":0},"end":{"line":274,"column":25}},"274":{"start":{"line":275,"column":0},"end":{"line":275,"column":34}},"275":{"start":{"line":276,"column":0},"end":{"line":276,"column":74}},"276":{"start":{"line":277,"column":0},"end":{"line":277,"column":29}},"277":{"start":{"line":278,"column":0},"end":{"line":278,"column":17}},"278":{"start":{"line":279,"column":0},"end":{"line":279,"column":38}},"279":{"start":{"line":280,"column":0},"end":{"line":280,"column":28}},"280":{"start":{"line":281,"column":0},"end":{"line":281,"column":74}},"281":{"start":{"line":282,"column":0},"end":{"line":282,"column":80}},"282":{"start":{"line":283,"column":0},"end":{"line":283,"column":101}},"283":{"start":{"line":284,"column":0},"end":{"line":284,"column":31}},"284":{"start":{"line":285,"column":0},"end":{"line":285,"column":23}},"285":{"start":{"line":286,"column":0},"end":{"line":286,"column":76}},"286":{"start":{"line":287,"column":0},"end":{"line":287,"column":45}},"287":{"start":{"line":288,"column":0},"end":{"line":288,"column":53}},"288":{"start":{"line":289,"column":0},"end":{"line":289,"column":58}},"289":{"start":{"line":290,"column":0},"end":{"line":290,"column":17}},"290":{"start":{"line":291,"column":0},"end":{"line":291,"column":20}},"291":{"start":{"line":292,"column":0},"end":{"line":292,"column":25}},"292":{"start":{"line":293,"column":0},"end":{"line":293,"column":34}},"293":{"start":{"line":294,"column":0},"end":{"line":294,"column":65}},"294":{"start":{"line":295,"column":0},"end":{"line":295,"column":29}},"295":{"start":{"line":296,"column":0},"end":{"line":296,"column":17}},"296":{"start":{"line":297,"column":0},"end":{"line":297,"column":22}},"298":{"start":{"line":299,"column":0},"end":{"line":299,"column":74}},"299":{"start":{"line":300,"column":0},"end":{"line":300,"column":77}},"300":{"start":{"line":301,"column":0},"end":{"line":301,"column":81}},"301":{"start":{"line":302,"column":0},"end":{"line":302,"column":31}},"302":{"start":{"line":303,"column":0},"end":{"line":303,"column":44}},"303":{"start":{"line":304,"column":0},"end":{"line":304,"column":75}},"304":{"start":{"line":305,"column":0},"end":{"line":305,"column":17}},"305":{"start":{"line":306,"column":0},"end":{"line":306,"column":15}},"306":{"start":{"line":307,"column":0},"end":{"line":307,"column":19}},"308":{"start":{"line":309,"column":0},"end":{"line":309,"column":20}},"309":{"start":{"line":310,"column":0},"end":{"line":310,"column":18}},"310":{"start":{"line":311,"column":0},"end":{"line":311,"column":23}},"311":{"start":{"line":312,"column":0},"end":{"line":312,"column":32}},"312":{"start":{"line":313,"column":0},"end":{"line":313,"column":74}},"313":{"start":{"line":314,"column":0},"end":{"line":314,"column":27}},"314":{"start":{"line":315,"column":0},"end":{"line":315,"column":15}},"316":{"start":{"line":317,"column":0},"end":{"line":317,"column":106}},"318":{"start":{"line":319,"column":0},"end":{"line":319,"column":11}},"319":{"start":{"line":320,"column":0},"end":{"line":320,"column":9}},"320":{"start":{"line":321,"column":0},"end":{"line":321,"column":38}},"321":{"start":{"line":322,"column":0},"end":{"line":322,"column":79}},"322":{"start":{"line":323,"column":0},"end":{"line":323,"column":49}},"323":{"start":{"line":324,"column":0},"end":{"line":324,"column":18}},"324":{"start":{"line":325,"column":0},"end":{"line":325,"column":20}},"325":{"start":{"line":326,"column":0},"end":{"line":326,"column":39}},"326":{"start":{"line":327,"column":0},"end":{"line":327,"column":10}},"327":{"start":{"line":328,"column":0},"end":{"line":328,"column":81}},"328":{"start":{"line":329,"column":0},"end":{"line":329,"column":38}},"329":{"start":{"line":330,"column":0},"end":{"line":330,"column":37}},"330":{"start":{"line":331,"column":0},"end":{"line":331,"column":67}},"331":{"start":{"line":332,"column":0},"end":{"line":332,"column":44}},"332":{"start":{"line":333,"column":0},"end":{"line":333,"column":7}},"335":{"start":{"line":336,"column":0},"end":{"line":336,"column":43}},"336":{"start":{"line":337,"column":0},"end":{"line":337,"column":64}},"337":{"start":{"line":338,"column":0},"end":{"line":338,"column":60}},"338":{"start":{"line":339,"column":0},"end":{"line":339,"column":62}},"339":{"start":{"line":340,"column":0},"end":{"line":340,"column":50}},"340":{"start":{"line":341,"column":0},"end":{"line":341,"column":50}},"341":{"start":{"line":342,"column":0},"end":{"line":342,"column":48}},"342":{"start":{"line":343,"column":0},"end":{"line":343,"column":84}},"343":{"start":{"line":344,"column":0},"end":{"line":344,"column":61}},"344":{"start":{"line":345,"column":0},"end":{"line":345,"column":64}},"345":{"start":{"line":346,"column":0},"end":{"line":346,"column":88}},"346":{"start":{"line":347,"column":0},"end":{"line":347,"column":7}},"348":{"start":{"line":349,"column":0},"end":{"line":349,"column":11}},"349":{"start":{"line":350,"column":0},"end":{"line":350,"column":69}},"350":{"start":{"line":351,"column":0},"end":{"line":351,"column":74}},"351":{"start":{"line":352,"column":0},"end":{"line":352,"column":18}},"352":{"start":{"line":353,"column":0},"end":{"line":353,"column":41}},"353":{"start":{"line":354,"column":0},"end":{"line":354,"column":39}},"354":{"start":{"line":355,"column":0},"end":{"line":355,"column":10}},"355":{"start":{"line":356,"column":0},"end":{"line":356,"column":30}},"356":{"start":{"line":357,"column":0},"end":{"line":357,"column":12}},"357":{"start":{"line":358,"column":0},"end":{"line":358,"column":18}},"358":{"start":{"line":359,"column":0},"end":{"line":359,"column":26}},"359":{"start":{"line":360,"column":0},"end":{"line":360,"column":56}},"360":{"start":{"line":361,"column":0},"end":{"line":361,"column":56}},"361":{"start":{"line":362,"column":0},"end":{"line":362,"column":9}},"364":{"start":{"line":365,"column":0},"end":{"line":365,"column":7}},"367":{"start":{"line":368,"column":0},"end":{"line":368,"column":24}},"368":{"start":{"line":369,"column":0},"end":{"line":369,"column":13}},"369":{"start":{"line":370,"column":0},"end":{"line":370,"column":56}},"370":{"start":{"line":371,"column":0},"end":{"line":371,"column":35}},"371":{"start":{"line":372,"column":0},"end":{"line":372,"column":35}},"372":{"start":{"line":373,"column":0},"end":{"line":373,"column":12}},"373":{"start":{"line":374,"column":0},"end":{"line":374,"column":77}},"374":{"start":{"line":375,"column":0},"end":{"line":375,"column":20}},"375":{"start":{"line":376,"column":0},"end":{"line":376,"column":40}},"376":{"start":{"line":377,"column":0},"end":{"line":377,"column":12}},"377":{"start":{"line":378,"column":0},"end":{"line":378,"column":34}},"378":{"start":{"line":379,"column":0},"end":{"line":379,"column":14}},"379":{"start":{"line":380,"column":0},"end":{"line":380,"column":20}},"380":{"start":{"line":381,"column":0},"end":{"line":381,"column":28}},"381":{"start":{"line":382,"column":0},"end":{"line":382,"column":58}},"382":{"start":{"line":383,"column":0},"end":{"line":383,"column":60}},"383":{"start":{"line":384,"column":0},"end":{"line":384,"column":11}},"384":{"start":{"line":385,"column":0},"end":{"line":385,"column":9}},"385":{"start":{"line":386,"column":0},"end":{"line":386,"column":7}},"386":{"start":{"line":387,"column":0},"end":{"line":387,"column":51}},"389":{"start":{"line":390,"column":0},"end":{"line":390,"column":8}},"390":{"start":{"line":391,"column":0},"end":{"line":391,"column":13}},"391":{"start":{"line":392,"column":0},"end":{"line":392,"column":34}},"392":{"start":{"line":393,"column":0},"end":{"line":393,"column":49}},"393":{"start":{"line":394,"column":0},"end":{"line":394,"column":17}},"394":{"start":{"line":395,"column":0},"end":{"line":395,"column":5}},"396":{"start":{"line":397,"column":0},"end":{"line":397,"column":52}},"397":{"start":{"line":398,"column":0},"end":{"line":398,"column":36}},"398":{"start":{"line":399,"column":0},"end":{"line":399,"column":7}},"399":{"start":{"line":400,"column":0},"end":{"line":400,"column":85}},"400":{"start":{"line":401,"column":0},"end":{"line":401,"column":50}},"401":{"start":{"line":402,"column":0},"end":{"line":402,"column":7}},"402":{"start":{"line":403,"column":0},"end":{"line":403,"column":5}},"404":{"start":{"line":405,"column":0},"end":{"line":405,"column":27}},"405":{"start":{"line":406,"column":0},"end":{"line":406,"column":10}},"406":{"start":{"line":407,"column":0},"end":{"line":407,"column":15}},"407":{"start":{"line":408,"column":0},"end":{"line":408,"column":26}},"408":{"start":{"line":409,"column":0},"end":{"line":409,"column":69}},"409":{"start":{"line":410,"column":0},"end":{"line":410,"column":19}},"410":{"start":{"line":411,"column":0},"end":{"line":411,"column":7}},"412":{"start":{"line":413,"column":0},"end":{"line":413,"column":52}},"413":{"start":{"line":414,"column":0},"end":{"line":414,"column":57}},"414":{"start":{"line":415,"column":0},"end":{"line":415,"column":50}},"415":{"start":{"line":416,"column":0},"end":{"line":416,"column":24}},"416":{"start":{"line":417,"column":0},"end":{"line":417,"column":38}},"417":{"start":{"line":418,"column":0},"end":{"line":418,"column":77}},"418":{"start":{"line":419,"column":0},"end":{"line":419,"column":50}},"419":{"start":{"line":420,"column":0},"end":{"line":420,"column":45}},"420":{"start":{"line":421,"column":0},"end":{"line":421,"column":7}},"421":{"start":{"line":422,"column":0},"end":{"line":422,"column":68}},"422":{"start":{"line":423,"column":0},"end":{"line":423,"column":10}},"423":{"start":{"line":424,"column":0},"end":{"line":424,"column":15}},"424":{"start":{"line":425,"column":0},"end":{"line":425,"column":26}},"425":{"start":{"line":426,"column":0},"end":{"line":426,"column":53}},"426":{"start":{"line":427,"column":0},"end":{"line":427,"column":50}},"427":{"start":{"line":428,"column":0},"end":{"line":428,"column":7}},"428":{"start":{"line":429,"column":0},"end":{"line":429,"column":43}},"429":{"start":{"line":430,"column":0},"end":{"line":430,"column":5}},"431":{"start":{"line":432,"column":0},"end":{"line":432,"column":8}},"432":{"start":{"line":433,"column":0},"end":{"line":433,"column":13}},"433":{"start":{"line":434,"column":0},"end":{"line":434,"column":32}},"434":{"start":{"line":435,"column":0},"end":{"line":435,"column":44}},"435":{"start":{"line":436,"column":0},"end":{"line":436,"column":66}},"436":{"start":{"line":437,"column":0},"end":{"line":437,"column":5}},"439":{"start":{"line":440,"column":0},"end":{"line":440,"column":58}},"440":{"start":{"line":441,"column":0},"end":{"line":441,"column":49}},"443":{"start":{"line":444,"column":0},"end":{"line":444,"column":80}},"444":{"start":{"line":445,"column":0},"end":{"line":445,"column":10}},"445":{"start":{"line":446,"column":0},"end":{"line":446,"column":15}},"446":{"start":{"line":447,"column":0},"end":{"line":447,"column":31}},"447":{"start":{"line":448,"column":0},"end":{"line":448,"column":71}},"448":{"start":{"line":449,"column":0},"end":{"line":449,"column":9}},"449":{"start":{"line":450,"column":0},"end":{"line":450,"column":18}},"450":{"start":{"line":451,"column":0},"end":{"line":451,"column":49}},"451":{"start":{"line":452,"column":0},"end":{"line":452,"column":9}},"452":{"start":{"line":453,"column":0},"end":{"line":453,"column":7}},"455":{"start":{"line":456,"column":0},"end":{"line":456,"column":53}},"456":{"start":{"line":457,"column":0},"end":{"line":457,"column":51}},"458":{"start":{"line":459,"column":0},"end":{"line":459,"column":46}},"459":{"start":{"line":460,"column":0},"end":{"line":460,"column":47}},"460":{"start":{"line":461,"column":0},"end":{"line":461,"column":57}},"461":{"start":{"line":462,"column":0},"end":{"line":462,"column":55}},"463":{"start":{"line":464,"column":0},"end":{"line":464,"column":32}},"464":{"start":{"line":465,"column":0},"end":{"line":465,"column":80}},"465":{"start":{"line":466,"column":0},"end":{"line":466,"column":20}},"466":{"start":{"line":467,"column":0},"end":{"line":467,"column":12}},"468":{"start":{"line":469,"column":0},"end":{"line":469,"column":47}},"469":{"start":{"line":470,"column":0},"end":{"line":470,"column":28}},"470":{"start":{"line":471,"column":0},"end":{"line":471,"column":42}},"471":{"start":{"line":472,"column":0},"end":{"line":472,"column":62}},"472":{"start":{"line":473,"column":0},"end":{"line":473,"column":28}},"473":{"start":{"line":474,"column":0},"end":{"line":474,"column":64}},"474":{"start":{"line":475,"column":0},"end":{"line":475,"column":11}},"475":{"start":{"line":476,"column":0},"end":{"line":476,"column":65}},"476":{"start":{"line":477,"column":0},"end":{"line":477,"column":26}},"477":{"start":{"line":478,"column":0},"end":{"line":478,"column":66}},"478":{"start":{"line":479,"column":0},"end":{"line":479,"column":11}},"479":{"start":{"line":480,"column":0},"end":{"line":480,"column":9}},"480":{"start":{"line":481,"column":0},"end":{"line":481,"column":37}},"481":{"start":{"line":482,"column":0},"end":{"line":482,"column":78}},"482":{"start":{"line":483,"column":0},"end":{"line":483,"column":20}},"483":{"start":{"line":484,"column":0},"end":{"line":484,"column":40}},"484":{"start":{"line":485,"column":0},"end":{"line":485,"column":36}},"485":{"start":{"line":486,"column":0},"end":{"line":486,"column":36}},"486":{"start":{"line":487,"column":0},"end":{"line":487,"column":12}},"488":{"start":{"line":489,"column":0},"end":{"line":489,"column":47}},"489":{"start":{"line":490,"column":0},"end":{"line":490,"column":28}},"490":{"start":{"line":491,"column":0},"end":{"line":491,"column":42}},"491":{"start":{"line":492,"column":0},"end":{"line":492,"column":62}},"492":{"start":{"line":493,"column":0},"end":{"line":493,"column":40}},"493":{"start":{"line":494,"column":0},"end":{"line":494,"column":67}},"494":{"start":{"line":495,"column":0},"end":{"line":495,"column":11}},"495":{"start":{"line":496,"column":0},"end":{"line":496,"column":65}},"496":{"start":{"line":497,"column":0},"end":{"line":497,"column":65}},"497":{"start":{"line":498,"column":0},"end":{"line":498,"column":9}},"500":{"start":{"line":501,"column":0},"end":{"line":501,"column":66}},"501":{"start":{"line":502,"column":0},"end":{"line":502,"column":23}},"502":{"start":{"line":503,"column":0},"end":{"line":503,"column":74}},"503":{"start":{"line":504,"column":0},"end":{"line":504,"column":9}},"505":{"start":{"line":506,"column":0},"end":{"line":506,"column":38}},"506":{"start":{"line":507,"column":0},"end":{"line":507,"column":13}},"507":{"start":{"line":508,"column":0},"end":{"line":508,"column":14}},"508":{"start":{"line":509,"column":0},"end":{"line":509,"column":19}},"509":{"start":{"line":510,"column":0},"end":{"line":510,"column":41}},"510":{"start":{"line":511,"column":0},"end":{"line":511,"column":41}},"511":{"start":{"line":512,"column":0},"end":{"line":512,"column":52}},"512":{"start":{"line":513,"column":0},"end":{"line":513,"column":11}},"514":{"start":{"line":515,"column":0},"end":{"line":515,"column":66}},"515":{"start":{"line":516,"column":0},"end":{"line":516,"column":56}},"517":{"start":{"line":518,"column":0},"end":{"line":518,"column":78}},"518":{"start":{"line":519,"column":0},"end":{"line":519,"column":20}},"519":{"start":{"line":520,"column":0},"end":{"line":520,"column":40}},"520":{"start":{"line":521,"column":0},"end":{"line":521,"column":12}},"522":{"start":{"line":523,"column":0},"end":{"line":523,"column":69}},"523":{"start":{"line":524,"column":0},"end":{"line":524,"column":34}},"524":{"start":{"line":525,"column":0},"end":{"line":525,"column":14}},"525":{"start":{"line":526,"column":0},"end":{"line":526,"column":20}},"526":{"start":{"line":527,"column":0},"end":{"line":527,"column":25}},"527":{"start":{"line":528,"column":0},"end":{"line":528,"column":71}},"528":{"start":{"line":529,"column":0},"end":{"line":529,"column":13}},"529":{"start":{"line":530,"column":0},"end":{"line":530,"column":22}},"530":{"start":{"line":531,"column":0},"end":{"line":531,"column":42}},"531":{"start":{"line":532,"column":0},"end":{"line":532,"column":39}},"532":{"start":{"line":533,"column":0},"end":{"line":533,"column":37}},"533":{"start":{"line":534,"column":0},"end":{"line":534,"column":13}},"534":{"start":{"line":535,"column":0},"end":{"line":535,"column":11}},"536":{"start":{"line":537,"column":0},"end":{"line":537,"column":47}},"537":{"start":{"line":538,"column":0},"end":{"line":538,"column":66}},"538":{"start":{"line":539,"column":0},"end":{"line":539,"column":42}},"539":{"start":{"line":540,"column":0},"end":{"line":540,"column":62}},"540":{"start":{"line":541,"column":0},"end":{"line":541,"column":40}},"541":{"start":{"line":542,"column":0},"end":{"line":542,"column":87}},"542":{"start":{"line":543,"column":0},"end":{"line":543,"column":11}},"543":{"start":{"line":544,"column":0},"end":{"line":544,"column":65}},"544":{"start":{"line":545,"column":0},"end":{"line":545,"column":53}},"545":{"start":{"line":546,"column":0},"end":{"line":546,"column":9}},"548":{"start":{"line":549,"column":0},"end":{"line":549,"column":44}},"549":{"start":{"line":550,"column":0},"end":{"line":550,"column":51}},"550":{"start":{"line":551,"column":0},"end":{"line":551,"column":75}},"551":{"start":{"line":552,"column":0},"end":{"line":552,"column":46}},"552":{"start":{"line":553,"column":0},"end":{"line":553,"column":67}},"554":{"start":{"line":555,"column":0},"end":{"line":555,"column":12}},"555":{"start":{"line":556,"column":0},"end":{"line":556,"column":27}},"556":{"start":{"line":557,"column":0},"end":{"line":557,"column":47}},"557":{"start":{"line":558,"column":0},"end":{"line":558,"column":36}},"558":{"start":{"line":559,"column":0},"end":{"line":559,"column":38}},"559":{"start":{"line":560,"column":0},"end":{"line":560,"column":11}},"560":{"start":{"line":561,"column":0},"end":{"line":561,"column":48}},"566":{"start":{"line":567,"column":0},"end":{"line":567,"column":132}},"567":{"start":{"line":568,"column":0},"end":{"line":568,"column":66}},"568":{"start":{"line":569,"column":0},"end":{"line":569,"column":20}},"569":{"start":{"line":570,"column":0},"end":{"line":570,"column":40}},"570":{"start":{"line":571,"column":0},"end":{"line":571,"column":42}},"571":{"start":{"line":572,"column":0},"end":{"line":572,"column":12}},"573":{"start":{"line":574,"column":0},"end":{"line":574,"column":33}},"574":{"start":{"line":575,"column":0},"end":{"line":575,"column":86}},"575":{"start":{"line":576,"column":0},"end":{"line":576,"column":49}},"576":{"start":{"line":577,"column":0},"end":{"line":577,"column":71}},"577":{"start":{"line":578,"column":0},"end":{"line":578,"column":28}},"578":{"start":{"line":579,"column":0},"end":{"line":579,"column":82}},"579":{"start":{"line":580,"column":0},"end":{"line":580,"column":20}},"580":{"start":{"line":581,"column":0},"end":{"line":581,"column":73}},"581":{"start":{"line":582,"column":0},"end":{"line":582,"column":38}},"582":{"start":{"line":583,"column":0},"end":{"line":583,"column":64}},"583":{"start":{"line":584,"column":0},"end":{"line":584,"column":24}},"584":{"start":{"line":585,"column":0},"end":{"line":585,"column":44}},"585":{"start":{"line":586,"column":0},"end":{"line":586,"column":16}},"586":{"start":{"line":587,"column":0},"end":{"line":587,"column":13}},"587":{"start":{"line":588,"column":0},"end":{"line":588,"column":18}},"588":{"start":{"line":589,"column":0},"end":{"line":589,"column":84}},"589":{"start":{"line":590,"column":0},"end":{"line":590,"column":11}},"590":{"start":{"line":591,"column":0},"end":{"line":591,"column":16}},"591":{"start":{"line":592,"column":0},"end":{"line":592,"column":75}},"592":{"start":{"line":593,"column":0},"end":{"line":593,"column":20}},"593":{"start":{"line":594,"column":0},"end":{"line":594,"column":40}},"594":{"start":{"line":595,"column":0},"end":{"line":595,"column":27}},"595":{"start":{"line":596,"column":0},"end":{"line":596,"column":12}},"596":{"start":{"line":597,"column":0},"end":{"line":597,"column":9}},"600":{"start":{"line":601,"column":0},"end":{"line":601,"column":64}},"601":{"start":{"line":602,"column":0},"end":{"line":602,"column":59}},"602":{"start":{"line":603,"column":0},"end":{"line":603,"column":51}},"603":{"start":{"line":604,"column":0},"end":{"line":604,"column":36}},"604":{"start":{"line":605,"column":0},"end":{"line":605,"column":50}},"605":{"start":{"line":606,"column":0},"end":{"line":606,"column":34}},"606":{"start":{"line":607,"column":0},"end":{"line":607,"column":46}},"607":{"start":{"line":608,"column":0},"end":{"line":608,"column":30}},"608":{"start":{"line":609,"column":0},"end":{"line":609,"column":38}},"609":{"start":{"line":610,"column":0},"end":{"line":610,"column":35}},"610":{"start":{"line":611,"column":0},"end":{"line":611,"column":35}},"611":{"start":{"line":612,"column":0},"end":{"line":612,"column":9}},"612":{"start":{"line":613,"column":0},"end":{"line":613,"column":69}},"613":{"start":{"line":614,"column":0},"end":{"line":614,"column":12}},"614":{"start":{"line":615,"column":0},"end":{"line":615,"column":17}},"615":{"start":{"line":616,"column":0},"end":{"line":616,"column":23}},"616":{"start":{"line":617,"column":0},"end":{"line":617,"column":73}},"617":{"start":{"line":618,"column":0},"end":{"line":618,"column":50}},"618":{"start":{"line":619,"column":0},"end":{"line":619,"column":9}},"619":{"start":{"line":620,"column":0},"end":{"line":620,"column":43}},"622":{"start":{"line":623,"column":0},"end":{"line":623,"column":73}},"623":{"start":{"line":624,"column":0},"end":{"line":624,"column":10}},"624":{"start":{"line":625,"column":0},"end":{"line":625,"column":15}},"625":{"start":{"line":626,"column":0},"end":{"line":626,"column":26}},"626":{"start":{"line":627,"column":0},"end":{"line":627,"column":51}},"627":{"start":{"line":628,"column":0},"end":{"line":628,"column":48}},"628":{"start":{"line":629,"column":0},"end":{"line":629,"column":7}},"629":{"start":{"line":630,"column":0},"end":{"line":630,"column":12}},"632":{"start":{"line":633,"column":0},"end":{"line":633,"column":10}},"633":{"start":{"line":634,"column":0},"end":{"line":634,"column":15}},"634":{"start":{"line":635,"column":0},"end":{"line":635,"column":47}},"635":{"start":{"line":636,"column":0},"end":{"line":636,"column":104}},"636":{"start":{"line":637,"column":0},"end":{"line":637,"column":19}},"637":{"start":{"line":638,"column":0},"end":{"line":638,"column":7}},"638":{"start":{"line":639,"column":0},"end":{"line":639,"column":10}},"639":{"start":{"line":640,"column":0},"end":{"line":640,"column":15}},"640":{"start":{"line":641,"column":0},"end":{"line":641,"column":26}},"641":{"start":{"line":642,"column":0},"end":{"line":642,"column":55}},"642":{"start":{"line":643,"column":0},"end":{"line":643,"column":50}},"643":{"start":{"line":644,"column":0},"end":{"line":644,"column":7}},"644":{"start":{"line":645,"column":0},"end":{"line":645,"column":5}},"672":{"start":{"line":673,"column":0},"end":{"line":673,"column":73}},"673":{"start":{"line":674,"column":0},"end":{"line":674,"column":70}},"674":{"start":{"line":675,"column":0},"end":{"line":675,"column":24}},"675":{"start":{"line":676,"column":0},"end":{"line":676,"column":77}},"676":{"start":{"line":677,"column":0},"end":{"line":677,"column":24}},"677":{"start":{"line":678,"column":0},"end":{"line":678,"column":27}},"678":{"start":{"line":679,"column":0},"end":{"line":679,"column":25}},"679":{"start":{"line":680,"column":0},"end":{"line":680,"column":6}},"716":{"start":{"line":717,"column":0},"end":{"line":717,"column":15}},"717":{"start":{"line":718,"column":0},"end":{"line":718,"column":3}},"718":{"start":{"line":719,"column":0},"end":{"line":719,"column":1}},"728":{"start":{"line":729,"column":0},"end":{"line":729,"column":51}},"729":{"start":{"line":730,"column":0},"end":{"line":730,"column":96}},"730":{"start":{"line":731,"column":0},"end":{"line":731,"column":32}},"731":{"start":{"line":732,"column":0},"end":{"line":732,"column":62}},"732":{"start":{"line":733,"column":0},"end":{"line":733,"column":1}},"737":{"start":{"line":738,"column":0},"end":{"line":738,"column":67}},"738":{"start":{"line":739,"column":0},"end":{"line":739,"column":29}},"740":{"start":{"line":741,"column":0},"end":{"line":741,"column":21}},"741":{"start":{"line":742,"column":0},"end":{"line":742,"column":58}},"749":{"start":{"line":750,"column":0},"end":{"line":750,"column":8}},"750":{"start":{"line":751,"column":0},"end":{"line":751,"column":17}},"751":{"start":{"line":752,"column":0},"end":{"line":752,"column":62}},"752":{"start":{"line":753,"column":0},"end":{"line":753,"column":1}},"754":{"start":{"line":755,"column":0},"end":{"line":755,"column":77}},"757":{"start":{"line":758,"column":0},"end":{"line":758,"column":38}},"758":{"start":{"line":759,"column":0},"end":{"line":759,"column":30}},"760":{"start":{"line":761,"column":0},"end":{"line":761,"column":8}},"761":{"start":{"line":762,"column":0},"end":{"line":762,"column":13}},"762":{"start":{"line":763,"column":0},"end":{"line":763,"column":21}},"763":{"start":{"line":764,"column":0},"end":{"line":764,"column":77}},"764":{"start":{"line":765,"column":0},"end":{"line":765,"column":24}},"765":{"start":{"line":766,"column":0},"end":{"line":766,"column":5}},"766":{"start":{"line":767,"column":0},"end":{"line":767,"column":4}},"767":{"start":{"line":768,"column":0},"end":{"line":768,"column":1}},"771":{"start":{"line":772,"column":0},"end":{"line":772,"column":60}},"774":{"start":{"line":775,"column":0},"end":{"line":775,"column":3}},"775":{"start":{"line":776,"column":0},"end":{"line":776,"column":59}},"776":{"start":{"line":777,"column":0},"end":{"line":777,"column":53}},"777":{"start":{"line":778,"column":0},"end":{"line":778,"column":40}},"778":{"start":{"line":779,"column":0},"end":{"line":779,"column":54}},"779":{"start":{"line":780,"column":0},"end":{"line":780,"column":3}},"780":{"start":{"line":781,"column":0},"end":{"line":781,"column":59}},"787":{"start":{"line":788,"column":0},"end":{"line":788,"column":48}},"788":{"start":{"line":789,"column":0},"end":{"line":789,"column":43}},"789":{"start":{"line":790,"column":0},"end":{"line":790,"column":63}},"790":{"start":{"line":791,"column":0},"end":{"line":791,"column":52}},"791":{"start":{"line":792,"column":0},"end":{"line":792,"column":5}},"792":{"start":{"line":793,"column":0},"end":{"line":793,"column":28}},"793":{"start":{"line":794,"column":0},"end":{"line":794,"column":43}},"794":{"start":{"line":795,"column":0},"end":{"line":795,"column":12}},"795":{"start":{"line":796,"column":0},"end":{"line":796,"column":14}},"796":{"start":{"line":797,"column":0},"end":{"line":797,"column":83}},"797":{"start":{"line":798,"column":0},"end":{"line":798,"column":7}},"798":{"start":{"line":799,"column":0},"end":{"line":799,"column":5}},"799":{"start":{"line":800,"column":0},"end":{"line":800,"column":33}},"800":{"start":{"line":801,"column":0},"end":{"line":801,"column":78}},"801":{"start":{"line":802,"column":0},"end":{"line":802,"column":10}},"802":{"start":{"line":803,"column":0},"end":{"line":803,"column":12}},"803":{"start":{"line":804,"column":0},"end":{"line":804,"column":81}},"804":{"start":{"line":805,"column":0},"end":{"line":805,"column":5}},"805":{"start":{"line":806,"column":0},"end":{"line":806,"column":3}},"806":{"start":{"line":807,"column":0},"end":{"line":807,"column":1}},"808":{"start":{"line":809,"column":0},"end":{"line":809,"column":70}},"811":{"start":{"line":812,"column":0},"end":{"line":812,"column":3}},"812":{"start":{"line":813,"column":0},"end":{"line":813,"column":59}},"813":{"start":{"line":814,"column":0},"end":{"line":814,"column":53}},"814":{"start":{"line":815,"column":0},"end":{"line":815,"column":40}},"815":{"start":{"line":816,"column":0},"end":{"line":816,"column":54}},"816":{"start":{"line":817,"column":0},"end":{"line":817,"column":3}},"817":{"start":{"line":818,"column":0},"end":{"line":818,"column":59}},"824":{"start":{"line":825,"column":0},"end":{"line":825,"column":48}},"825":{"start":{"line":826,"column":0},"end":{"line":826,"column":43}},"826":{"start":{"line":827,"column":0},"end":{"line":827,"column":63}},"827":{"start":{"line":828,"column":0},"end":{"line":828,"column":72}},"828":{"start":{"line":829,"column":0},"end":{"line":829,"column":5}},"829":{"start":{"line":830,"column":0},"end":{"line":830,"column":28}},"830":{"start":{"line":831,"column":0},"end":{"line":831,"column":43}},"831":{"start":{"line":832,"column":0},"end":{"line":832,"column":12}},"832":{"start":{"line":833,"column":0},"end":{"line":833,"column":14}},"833":{"start":{"line":834,"column":0},"end":{"line":834,"column":93}},"834":{"start":{"line":835,"column":0},"end":{"line":835,"column":7}},"835":{"start":{"line":836,"column":0},"end":{"line":836,"column":5}},"836":{"start":{"line":837,"column":0},"end":{"line":837,"column":33}},"837":{"start":{"line":838,"column":0},"end":{"line":838,"column":78}},"838":{"start":{"line":839,"column":0},"end":{"line":839,"column":10}},"839":{"start":{"line":840,"column":0},"end":{"line":840,"column":12}},"840":{"start":{"line":841,"column":0},"end":{"line":841,"column":81}},"841":{"start":{"line":842,"column":0},"end":{"line":842,"column":5}},"842":{"start":{"line":843,"column":0},"end":{"line":843,"column":3}},"843":{"start":{"line":844,"column":0},"end":{"line":844,"column":1}},"852":{"start":{"line":853,"column":0},"end":{"line":853,"column":77}},"853":{"start":{"line":854,"column":0},"end":{"line":854,"column":59}},"854":{"start":{"line":855,"column":0},"end":{"line":855,"column":21}},"855":{"start":{"line":856,"column":0},"end":{"line":856,"column":37}},"856":{"start":{"line":857,"column":0},"end":{"line":857,"column":63}},"859":{"start":{"line":860,"column":0},"end":{"line":860,"column":75}},"861":{"start":{"line":862,"column":0},"end":{"line":862,"column":52}},"862":{"start":{"line":863,"column":0},"end":{"line":863,"column":40}},"863":{"start":{"line":864,"column":0},"end":{"line":864,"column":14}},"866":{"start":{"line":867,"column":0},"end":{"line":867,"column":81}},"867":{"start":{"line":868,"column":0},"end":{"line":868,"column":12}},"868":{"start":{"line":869,"column":0},"end":{"line":869,"column":17}},"869":{"start":{"line":870,"column":0},"end":{"line":870,"column":32}},"870":{"start":{"line":871,"column":0},"end":{"line":871,"column":61}},"871":{"start":{"line":872,"column":0},"end":{"line":872,"column":42}},"872":{"start":{"line":873,"column":0},"end":{"line":873,"column":9}},"873":{"start":{"line":874,"column":0},"end":{"line":874,"column":7}},"874":{"start":{"line":875,"column":0},"end":{"line":875,"column":15}},"875":{"start":{"line":876,"column":0},"end":{"line":876,"column":42}},"876":{"start":{"line":877,"column":0},"end":{"line":877,"column":38}},"877":{"start":{"line":878,"column":0},"end":{"line":878,"column":7}},"879":{"start":{"line":880,"column":0},"end":{"line":880,"column":10}},"880":{"start":{"line":881,"column":0},"end":{"line":881,"column":15}},"881":{"start":{"line":882,"column":0},"end":{"line":882,"column":30}},"882":{"start":{"line":883,"column":0},"end":{"line":883,"column":79}},"883":{"start":{"line":884,"column":0},"end":{"line":884,"column":23}},"884":{"start":{"line":885,"column":0},"end":{"line":885,"column":7}},"885":{"start":{"line":886,"column":0},"end":{"line":886,"column":15}},"886":{"start":{"line":887,"column":0},"end":{"line":887,"column":42}},"887":{"start":{"line":888,"column":0},"end":{"line":888,"column":49}},"888":{"start":{"line":889,"column":0},"end":{"line":889,"column":7}},"893":{"start":{"line":894,"column":0},"end":{"line":894,"column":40}},"895":{"start":{"line":896,"column":0},"end":{"line":896,"column":105}},"896":{"start":{"line":897,"column":0},"end":{"line":897,"column":79}},"897":{"start":{"line":898,"column":0},"end":{"line":898,"column":40}},"898":{"start":{"line":899,"column":0},"end":{"line":899,"column":35}},"899":{"start":{"line":900,"column":0},"end":{"line":900,"column":62}},"900":{"start":{"line":901,"column":0},"end":{"line":901,"column":16}},"901":{"start":{"line":902,"column":0},"end":{"line":902,"column":14}},"902":{"start":{"line":903,"column":0},"end":{"line":903,"column":19}},"903":{"start":{"line":904,"column":0},"end":{"line":904,"column":34}},"904":{"start":{"line":905,"column":0},"end":{"line":905,"column":70}},"905":{"start":{"line":906,"column":0},"end":{"line":906,"column":27}},"906":{"start":{"line":907,"column":0},"end":{"line":907,"column":11}},"907":{"start":{"line":908,"column":0},"end":{"line":908,"column":9}},"908":{"start":{"line":909,"column":0},"end":{"line":909,"column":14}},"909":{"start":{"line":910,"column":0},"end":{"line":910,"column":12}},"910":{"start":{"line":911,"column":0},"end":{"line":911,"column":17}},"911":{"start":{"line":912,"column":0},"end":{"line":912,"column":32}},"912":{"start":{"line":913,"column":0},"end":{"line":913,"column":67}},"913":{"start":{"line":914,"column":0},"end":{"line":914,"column":25}},"914":{"start":{"line":915,"column":0},"end":{"line":915,"column":9}},"915":{"start":{"line":916,"column":0},"end":{"line":916,"column":7}},"916":{"start":{"line":917,"column":0},"end":{"line":917,"column":12}},"917":{"start":{"line":918,"column":0},"end":{"line":918,"column":10}},"918":{"start":{"line":919,"column":0},"end":{"line":919,"column":15}},"919":{"start":{"line":920,"column":0},"end":{"line":920,"column":30}},"920":{"start":{"line":921,"column":0},"end":{"line":921,"column":62}},"921":{"start":{"line":922,"column":0},"end":{"line":922,"column":23}},"922":{"start":{"line":923,"column":0},"end":{"line":923,"column":7}},"923":{"start":{"line":924,"column":0},"end":{"line":924,"column":5}},"924":{"start":{"line":925,"column":0},"end":{"line":925,"column":3}},"925":{"start":{"line":926,"column":0},"end":{"line":926,"column":20}},"926":{"start":{"line":927,"column":0},"end":{"line":927,"column":52}},"927":{"start":{"line":928,"column":0},"end":{"line":928,"column":3}},"928":{"start":{"line":929,"column":0},"end":{"line":929,"column":48}},"930":{"start":{"line":931,"column":0},"end":{"line":931,"column":23}},"931":{"start":{"line":932,"column":0},"end":{"line":932,"column":41}},"932":{"start":{"line":933,"column":0},"end":{"line":933,"column":38}},"933":{"start":{"line":934,"column":0},"end":{"line":934,"column":38}},"934":{"start":{"line":935,"column":0},"end":{"line":935,"column":36}},"935":{"start":{"line":936,"column":0},"end":{"line":936,"column":37}},"936":{"start":{"line":937,"column":0},"end":{"line":937,"column":20}},"937":{"start":{"line":938,"column":0},"end":{"line":938,"column":41}},"938":{"start":{"line":939,"column":0},"end":{"line":939,"column":35}},"939":{"start":{"line":940,"column":0},"end":{"line":940,"column":43}},"940":{"start":{"line":941,"column":0},"end":{"line":941,"column":34}},"942":{"start":{"line":943,"column":0},"end":{"line":943,"column":41}},"943":{"start":{"line":944,"column":0},"end":{"line":944,"column":74}},"944":{"start":{"line":945,"column":0},"end":{"line":945,"column":3}},"946":{"start":{"line":947,"column":0},"end":{"line":947,"column":60}},"947":{"start":{"line":948,"column":0},"end":{"line":948,"column":1}}},"s":{"1":1,"3":1,"4":1,"5":1,"6":1,"7":1,"8":1,"9":1,"14":1,"18":1,"24":0,"25":0,"26":0,"27":0,"30":0,"33":0,"35":0,"36":0,"37":0,"38":0,"39":0,"40":0,"41":0,"42":0,"43":0,"46":0,"47":0,"48":0,"51":0,"52":0,"53":0,"54":0,"55":0,"56":0,"57":0,"58":0,"59":0,"60":0,"61":0,"62":0,"65":0,"66":0,"67":0,"68":0,"69":0,"70":0,"73":0,"74":0,"75":0,"76":0,"77":0,"78":0,"79":0,"80":0,"81":0,"82":0,"83":0,"84":0,"85":0,"86":0,"89":0,"90":0,"91":0,"92":0,"93":0,"97":0,"100":0,"101":0,"102":0,"103":0,"104":0,"105":0,"108":0,"109":0,"110":0,"111":0,"112":0,"114":0,"115":0,"116":0,"117":0,"118":0,"119":0,"120":0,"121":0,"122":0,"123":0,"124":0,"125":0,"126":0,"127":0,"128":0,"129":0,"132":0,"133":0,"134":0,"135":0,"136":0,"137":0,"138":0,"139":0,"142":0,"143":0,"144":0,"145":0,"146":0,"147":0,"148":0,"151":0,"152":0,"153":0,"154":0,"155":0,"157":0,"162":0,"163":0,"164":0,"165":0,"166":0,"167":0,"168":0,"169":0,"170":0,"171":0,"172":0,"173":0,"174":0,"175":0,"176":0,"177":0,"178":0,"179":0,"180":0,"181":0,"182":0,"183":0,"185":0,"186":0,"187":0,"189":0,"190":0,"191":0,"192":0,"193":0,"194":0,"195":0,"196":0,"197":0,"198":0,"199":0,"200":0,"201":0,"202":0,"203":0,"204":0,"205":0,"206":0,"207":0,"208":0,"209":0,"211":0,"212":0,"214":0,"215":0,"216":0,"217":0,"218":0,"219":0,"220":0,"221":0,"222":0,"223":0,"224":0,"225":0,"226":0,"227":0,"228":0,"229":0,"230":0,"231":0,"232":0,"233":0,"234":0,"236":0,"237":0,"239":0,"240":0,"241":0,"242":0,"243":0,"244":0,"245":0,"246":0,"247":0,"248":0,"249":0,"250":0,"251":0,"253":0,"254":0,"255":0,"256":0,"257":0,"258":0,"259":0,"260":0,"261":0,"262":0,"263":0,"264":0,"265":0,"266":0,"267":0,"268":0,"269":0,"270":0,"271":0,"272":0,"273":0,"274":0,"275":0,"276":0,"277":0,"278":0,"279":0,"280":0,"281":0,"282":0,"283":0,"284":0,"285":0,"286":0,"287":0,"288":0,"289":0,"290":0,"291":0,"292":0,"293":0,"294":0,"295":0,"296":0,"298":0,"299":0,"300":0,"301":0,"302":0,"303":0,"304":0,"305":0,"306":0,"308":0,"309":0,"310":0,"311":0,"312":0,"313":0,"314":0,"316":0,"318":0,"319":0,"320":0,"321":0,"322":0,"323":0,"324":0,"325":0,"326":0,"327":0,"328":0,"329":0,"330":0,"331":0,"332":0,"335":0,"336":0,"337":0,"338":0,"339":0,"340":0,"341":0,"342":0,"343":0,"344":0,"345":0,"346":0,"348":0,"349":0,"350":0,"351":0,"352":0,"353":0,"354":0,"355":0,"356":0,"357":0,"358":0,"359":0,"360":0,"361":0,"364":0,"367":0,"368":0,"369":0,"370":0,"371":0,"372":0,"373":0,"374":0,"375":0,"376":0,"377":0,"378":0,"379":0,"380":0,"381":0,"382":0,"383":0,"384":0,"385":0,"386":0,"389":0,"390":0,"391":0,"392":0,"393":0,"394":0,"396":0,"397":0,"398":0,"399":0,"400":0,"401":0,"402":0,"404":0,"405":0,"406":0,"407":0,"408":0,"409":0,"410":0,"412":0,"413":0,"414":0,"415":0,"416":0,"417":0,"418":0,"419":0,"420":0,"421":0,"422":0,"423":0,"424":0,"425":0,"426":0,"427":0,"428":0,"429":0,"431":0,"432":0,"433":0,"434":0,"435":0,"436":0,"439":0,"440":0,"443":0,"444":0,"445":0,"446":0,"447":0,"448":0,"449":0,"450":0,"451":0,"452":0,"455":0,"456":0,"458":0,"459":0,"460":0,"461":0,"463":0,"464":0,"465":0,"466":0,"468":0,"469":0,"470":0,"471":0,"472":0,"473":0,"474":0,"475":0,"476":0,"477":0,"478":0,"479":0,"480":0,"481":0,"482":0,"483":0,"484":0,"485":0,"486":0,"488":0,"489":0,"490":0,"491":0,"492":0,"493":0,"494":0,"495":0,"496":0,"497":0,"500":0,"501":0,"502":0,"503":0,"505":0,"506":0,"507":0,"508":0,"509":0,"510":0,"511":0,"512":0,"514":0,"515":0,"517":0,"518":0,"519":0,"520":0,"522":0,"523":0,"524":0,"525":0,"526":0,"527":0,"528":0,"529":0,"530":0,"531":0,"532":0,"533":0,"534":0,"536":0,"537":0,"538":0,"539":0,"540":0,"541":0,"542":0,"543":0,"544":0,"545":0,"548":0,"549":0,"550":0,"551":0,"552":0,"554":0,"555":0,"556":0,"557":0,"558":0,"559":0,"560":0,"566":0,"567":0,"568":0,"569":0,"570":0,"571":0,"573":0,"574":0,"575":0,"576":0,"577":0,"578":0,"579":0,"580":0,"581":0,"582":0,"583":0,"584":0,"585":0,"586":0,"587":0,"588":0,"589":0,"590":0,"591":0,"592":0,"593":0,"594":0,"595":0,"596":0,"600":0,"601":0,"602":0,"603":0,"604":0,"605":0,"606":0,"607":0,"608":0,"609":0,"610":0,"611":0,"612":0,"613":0,"614":0,"615":0,"616":0,"617":0,"618":0,"619":0,"622":0,"623":0,"624":0,"625":0,"626":0,"627":0,"628":0,"629":0,"632":0,"633":0,"634":0,"635":0,"636":0,"637":0,"638":0,"639":0,"640":0,"641":0,"642":0,"643":0,"644":0,"672":0,"673":0,"674":0,"675":0,"676":0,"677":0,"678":0,"679":0,"716":0,"717":0,"718":0,"728":1,"729":1,"730":1,"731":1,"732":1,"737":1,"738":1,"740":1,"741":1,"749":1,"750":1,"751":1,"752":1,"754":1,"757":1,"758":0,"760":0,"761":0,"762":0,"763":0,"764":0,"765":0,"766":0,"767":0,"771":0,"774":0,"775":0,"776":0,"777":0,"778":0,"779":0,"780":0,"787":0,"788":0,"789":0,"790":0,"791":0,"792":0,"793":0,"794":0,"795":0,"796":0,"797":0,"798":0,"799":0,"800":0,"801":0,"802":0,"803":0,"804":0,"805":0,"806":0,"808":0,"811":0,"812":0,"813":0,"814":0,"815":0,"816":0,"817":0,"824":0,"825":0,"826":0,"827":0,"828":0,"829":0,"830":0,"831":0,"832":0,"833":0,"834":0,"835":0,"836":0,"837":0,"838":0,"839":0,"840":0,"841":0,"842":0,"843":0,"852":0,"853":0,"854":0,"855":0,"856":0,"859":0,"861":0,"862":0,"863":0,"866":0,"867":0,"868":0,"869":0,"870":0,"871":0,"872":0,"873":0,"874":0,"875":0,"876":0,"877":0,"879":0,"880":0,"881":0,"882":0,"883":0,"884":0,"885":0,"886":0,"887":0,"888":0,"893":0,"895":0,"896":0,"897":0,"898":0,"899":0,"900":0,"901":0,"902":0,"903":0,"904":0,"905":0,"906":0,"907":0,"908":0,"909":0,"910":0,"911":0,"912":0,"913":0,"914":0,"915":0,"916":0,"917":0,"918":0,"919":0,"920":0,"921":0,"922":0,"923":0,"924":0,"925":0,"926":0,"927":0,"928":0,"930":0,"931":0,"932":0,"933":0,"934":0,"935":0,"936":0,"937":0,"938":0,"939":0,"940":0,"942":0,"943":0,"944":0,"946":0,"947":0},"branchMap":{"0":{"type":"branch","line":758,"loc":{"start":{"line":758,"column":37},"end":{"line":768,"column":1}},"locations":[{"start":{"line":758,"column":37},"end":{"line":768,"column":1}}]}},"b":{"0":[0]},"fnMap":{"0":{"nam
[...]
ne":20,"column":0},"end":{"line":20,"column":135}},"20":{"start":{"line":21,"column":0},"end":{"line":21,"column":62}},"21":{"start":{"line":22,"column":0},"end":{"line":22,"column":24}},"22":{"start":{"line":23,"column":0},"end":{"line":23,"column":23}},"23":{"start":{"line":24,"column":0},"end":{"line":24,"column":6}},"24":{"start":{"line":25,"column":0},"end":{"line":25,"column":5}},"25":{"start":{"line":26,"column":0},"end":{"line":26,"column":2}},"28":{"start":{"line":29,"column":0},"end":{"line":29,"column":35}},"29":{"start":{"line":30,"column":0},"end":{"line":30,"column":35}},"30":{"start":{"line":31,"column":0},"end":{"line":31,"column":14}},"31":{"start":{"line":32,"column":0},"end":{"line":32,"column":116}},"32":{"start":{"line":33,"column":0},"end":{"line":33,"column":9}},"33":{"start":{"line":34,"column":0},"end":{"line":34,"column":46}},"35":{"start":{"line":36,"column":0},"end":{"line":36,"column":20}},"37":{"start":{"line":38,"column":0},"end":{"line":38,"column":71}},"38":{"start":{"line":39,"column":0},"end":{"line":39,"column":62}},"39":{"start":{"line":40,"column":0},"end":{"line":40,"column":24}},"40":{"start":{"line":41,"column":0},"end":{"line":41,"column":23}},"41":{"start":{"line":42,"column":0},"end":{"line":42,"column":6}},"42":{"start":{"line":43,"column":0},"end":{"line":43,"column":5}},"43":{"start":{"line":44,"column":0},"end":{"line":44,"column":2}},"46":{"start":{"line":47,"column":0},"end":{"line":47,"column":37}},"47":{"start":{"line":48,"column":0},"end":{"line":48,"column":22}},"48":{"start":{"line":49,"column":0},"end":{"line":49,"column":36}},"49":{"start":{"line":50,"column":0},"end":{"line":50,"column":27}},"51":{"start":{"line":52,"column":0},"end":{"line":52,"column":71}},"52":{"start":{"line":53,"column":0},"end":{"line":53,"column":62}},"53":{"start":{"line":54,"column":0},"end":{"line":54,"column":24}},"54":{"start":{"line":55,"column":0},"end":{"line":55,"column":87}},"55":{"start":{"line":56,"column":0},"end":{"line":56,"column":6}},"56":{"start":{"line":57,"column":0},"end":{"line":57,"column":5}},"58":{"start":{"line":59,"column":0},"end":{"line":59,"column":2}},"61":{"start":{"line":62,"column":0},"end":{"line":62,"column":55}},"62":{"start":{"line":63,"column":0},"end":{"line":63,"column":29}},"63":{"start":{"line":64,"column":0},"end":{"line":64,"column":63}},"64":{"start":{"line":65,"column":0},"end":{"line":65,"column":49}},"66":{"start":{"line":67,"column":0},"end":{"line":67,"column":2}},"68":{"start":{"line":69,"column":0},"end":{"line":69,"column":80}},"70":{"start":{"line":71,"column":0},"end":{"line":71,"column":25}},"71":{"start":{"line":72,"column":0},"end":{"line":72,"column":78}},"72":{"start":{"line":73,"column":0},"end":{"line":73,"column":1}}},"s":{"0":0,"1":0,"4":0,"5":0,"6":0,"7":0,"8":0,"11":0,"12":0,"13":0,"14":0,"15":0,"17":0,"19":0,"20":0,"21":0,"22":0,"23":0,"24":0,"25":0,"28":0,"29":0,"30":0,"31":0,"32":0,"33":0,"35":0,"37":0,"38":0,"39":0,"40":0,"41":0,"42":0,"43":0,"46":0,"47":0,"48":0,"49":0,"51":0,"52":0,"53":0,"54":0,"55":0,"56":0,"58":0,"61":0,"62":0,"63":0,"64":0,"66":0,"68":0,"70":0,"71":0,"72":0},"branchMap":{"0":{"type":"branch","line":1,"loc":{"start":{"line":1,"column":0},"end":{"line":73,"column":-98}},"locations":[{"start":{"line":1,"column":0},"end":{"line":73,"column":-98}}]}},"b":{"0":[0]},"fnMap":{"0":{"name":"(empty-report)","decl":{"start":{"line":1,"column":0},"end":{"line":73,"column":-98}},"loc":{"start":{"line":1,"column":0},"end":{"line":73,"column":-98}},"line":1}},"f":{"0":0}}
,"/Users/playra/999/src/types.ts": {"path":"/Users/playra/999/src/types.ts","all":false,"statementMap":{"0":{"start":{"line":1,"column":0},"end":{"line":1,"column":23}},"4":{"start":{"line":5,"column":0},"end":{"line":5,"column":48}},"5":{"start":{"line":6,"column":0},"end":{"line":6,"column":20}},"6":{"start":{"line":7,"column":0},"end":{"line":7,"column":2}},"14":{"start":{"line":15,"column":0},"end":{"line":15,"column":37}},"15":{"start":{"line":16,"column":0},"end":{"line":16,"column":9}},"16":{"start":{"line":17,"column":0},"end":{"line":17,"column":15}},"17":{"start":{"line":18,"column":0},"end":{"line":18,"column":24}},"18":{"start":{"line":19,"column":0},"end":{"line":19,"column":15}},"19":{"start":{"line":20,"column":0},"end":{"line":20,"column":24}},"20":{"start":{"line":21,"column":0},"end":{"line":21,"column":24}},"21":{"start":{"line":22,"column":0},"end":{"line":22,"column":24}},"22":{"start":{"line":23,"column":0},"end":{"line":23,"column":25}},"23":{"start":{"line":24,"column":0},"end":{"line":24,"column":27}},"24":{"start":{"line":25,"column":0},"end":{"line":25,"column":27}},"25":{"start":{"line":26,"column":0},"end":{"line":26,"column":42}},"26":{"start":{"line":27,"column":0},"end":{"line":27,"column":47}},"27":{"start":{"line":28,"column":0},"end":{"line":28,"column":2}},"49":{"start":{"line":50,"column":0},"end":{"line":50,"column":62}},"54":{"start":{"line":55,"column":0},"end":{"line":55,"column":36}},"55":{"start":{"line":56,"column":0},"end":{"line":56,"column":19}},"56":{"start":{"line":57,"column":0},"end":{"line":57,"column":26}},"57":{"start":{"line":58,"column":0},"end":{"line":58,"column":72}},"58":{"start":{"line":59,"column":0},"end":{"line":59,"column":94}},"59":{"start":{"line":60,"column":0},"end":{"line":60,"column":2}},"63":{"start":{"line":64,"column":0},"end":{"line":64,"column":41}},"65":{"start":{"line":66,"column":0},"end":{"line":66,"column":2}}},"s":{"0":1,"4":1,"5":1,"6":1,"14":1,"15":1,"16":1,"17":1,"18":1,"19":1,"20":1,"21":1,"22":1,"23":1,"24":1,"25":1,"26":1,"27":1,"49":1,"54":1,"55":1,"56":1,"57":1,"58":1,"59":1,"63":1,"65":1},"branchMap":{},"b":{},"fnMap":{},"f":{}}
,"/Users/playra/999/src/inngest/utils.ts": {"path":"/Users/playra/999/src/inngest/utils.ts","all":false,"statementMap":{"1":{"start":{"line":2,"column":0},"end":{"line":2,"column":47}},"11":{"start":{"line":12,"column":0},"end":{"line":12,"column":48}},"12":{"start":{"line":13,"column":0},"end":{"line":13,"column":13}},"13":{"start":{"line":14,"column":0},"end":{"line":14,"column":23}},"15":{"start":{"line":16,"column":0},"end":{"line":16,"column":52}},"16":{"start":{"line":17,"column":0},"end":{"line":17,"column":46}},"18":{"start":{"line":19,"column":0},"end":{"line":19,"column":57}},"19":{"start":{"line":20,"column":0},"end":{"line":20,"column":58}},"20":{"start":{"line":21,"column":0},"end":{"line":21,"column":3}},"21":{"start":{"line":22,"column":0},"end":{"line":22,"column":56}},"23":{"start":{"line":24,"column":0},"end":{"line":24,"column":51}},"24":{"start":{"line":25,"column":0},"end":{"line":25,"column":34}},"26":{"start":{"line":27,"column":0},"end":{"line":27,"column":16}},"27":{"start":{"line":28,"column":0},"end":{"line":28,"column":33}},"28":{"start":{"line":29,"column":0},"end":{"line":29,"column":15}},"29":{"start":{"line":30,"column":0},"end":{"line":30,"column":30}},"30":{"start":{"line":31,"column":0},"end":{"line":31,"column":51}},"31":{"start":{"line":32,"column":0},"end":{"line":32,"column":37}},"32":{"start":{"line":33,"column":0},"end":{"line":33,"column":15}},"33":{"start":{"line":34,"column":0},"end":{"line":34,"column":1}},"35":{"start":{"line":36,"column":0},"end":{"line":36,"column":78}},"37":{"start":{"line":38,"column":0},"end":{"line":38,"column":7}},"38":{"start":{"line":39,"column":0},"end":{"line":39,"column":52}},"39":{"start":{"line":40,"column":0},"end":{"line":40,"column":40}},"40":{"start":{"line":41,"column":0},"end":{"line":41,"column":18}},"41":{"start":{"line":42,"column":0},"end":{"line":42,"column":19}},"42":{"start":{"line":43,"column":0},"end":{"line":43,"column":69}},"43":{"start":{"line":44,"column":0},"end":{"line":44,"column":50}},"44":{"start":{"line":45,"column":0},"end":{"line":45,"column":3}},"45":{"start":{"line":46,"column":0},"end":{"line":46,"column":1}}},"s":{"1":1,"11":1,"12":0,"13":0,"15":0,"16":0,"18":0,"19":0,"20":0,"21":0,"23":0,"24":0,"26":0,"27":0,"28":0,"29":0,"30":0,"31":0,"32":0,"33":0,"35":0,"37":0,"38":0,"39":0,"40":0,"41":0,"42":0,"43":0,"44":0,"45":0},"branchMap":{},"b":{},"fnMap":{"0":{"name":"lastAssistantTextMessageContent","decl":{"start":{"line":12,"column":7},"end":{"line":34,"column":1}},"loc":{"start":{"line":12,"column":7},"end":{"line":34,"column":1}},"line":12},"1":{"name":"getSandbox","decl":{"start":{"line":36,"column":0},"end":{"line":46,"column":1}},"loc":{"start":{"line":36,"column":0},"end":{"line":46,"column":1}},"line":36}},"f":{"0":0,"1":0}}
,"/Users/playra/999/src/tools/index.ts": {"path":"/Users/playra/999/src/tools/index.ts","all":true,"statementMap":{"0":{"start":{"line":1,"column":0},"end":{"line":1,"column":23}},"1":{"start":{"line":2,"column":0},"end":{"line":2,"column":47}},"2":{"start":{"line":3,"column":0},"end":{"line":3,"column":105}},"5":{"start":{"line":6,"column":0},"end":{"line":6,"column":39}},"6":{"start":{"line":7,"column":0},"end":{"line":7,"column":22}},"7":{"start":{"line":8,"column":0},"end":{"line":8,"column":2}},"8":{"start":{"line":9,"column":0},"end":{"line":9,"column":50}},"9":{"start":{"line":10,"column":0},"end":{"line":10,"column":17}},"10":{"start":{"line":11,"column":0},"end":{"line":11,"column":14}},"11":{"start":{"line":12,"column":0},"end":{"line":12,"column":23}},"12":{"start":{"line":13,"column":0},"end":{"line":13,"column":26}},"13":{"start":{"line":14,"column":0},"end":{"line":14,"column":6}},"14":{"start":{"line":15,"column":0},"end":{"line":15,"column":4}},"15":{"start":{"line":16,"column":0},"end":{"line":16,"column":2}},"16":{"start":{"line":17,"column":0},"end":{"line":17,"column":40}},"17":{"start":{"line":18,"column":0},"end":{"line":18,"column":29}},"18":{"start":{"line":19,"column":0},"end":{"line":19,"column":2}},"19":{"start":{"line":20,"column":0},"end":{"line":20,"column":38}},"20":{"start":{"line":21,"column":0},"end":{"line":21,"column":19}},"21":{"start":{"line":22,"column":0},"end":{"line":22,"column":2}},"29":{"start":{"line":30,"column":0},"end":{"line":30,"column":54}},"30":{"start":{"line":31,"column":0},"end":{"line":31,"column":35}},"31":{"start":{"line":32,"column":0},"end":{"line":32,"column":21}},"32":{"start":{"line":33,"column":0},"end":{"line":33,"column":52}},"33":{"start":{"line":34,"column":0},"end":{"line":34,"column":37}},"34":{"start":{"line":35,"column":0},"end":{"line":35,"column":80}},"35":{"start":{"line":36,"column":0},"end":{"line":36,"column":54}},"36":{"start":{"line":37,"column":0},"end":{"line":37,"column":50}},"37":{"start":{"line":38,"column":0},"end":{"line":38,"column":13}},"38":{"start":{"line":39,"column":0},"end":{"line":39,"column":53}},"39":{"start":{"line":40,"column":0},"end":{"line":40,"column":60}},"40":{"start":{"line":41,"column":0},"end":{"line":41,"column":69}},"41":{"start":{"line":42,"column":0},"end":{"line":42,"column":41}},"42":{"start":{"line":43,"column":0},"end":{"line":43,"column":36}},"43":{"start":{"line":44,"column":0},"end":{"line":44,"column":14}},"44":{"start":{"line":45,"column":0},"end":{"line":45,"column":41}},"45":{"start":{"line":46,"column":0},"end":{"line":46,"column":36}},"46":{"start":{"line":47,"column":0},"end":{"line":47,"column":14}},"47":{"start":{"line":48,"column":0},"end":{"line":48,"column":12}},"48":{"start":{"line":49,"column":0},"end":{"line":49,"column":30}},"49":{"start":{"line":50,"column":0},"end":{"line":50,"column":21}},"50":{"start":{"line":51,"column":0},"end":{"line":51,"column":24}},"51":{"start":{"line":52,"column":0},"end":{"line":52,"column":89}},"52":{"start":{"line":53,"column":0},"end":{"line":53,"column":11}},"53":{"start":{"line":54,"column":0},"end":{"line":54,"column":94}},"54":{"start":{"line":55,"column":0},"end":{"line":55,"column":9}},"55":{"start":{"line":56,"column":0},"end":{"line":56,"column":8}},"56":{"start":{"line":57,"column":0},"end":{"line":57,"column":6}},"57":{"start":{"line":58,"column":0},"end":{"line":58,"column":4}},"59":{"start":{"line":60,"column":0},"end":{"line":60,"column":46}},"60":{"start":{"line":61,"column":0},"end":{"line":61,"column":32}},"61":{"start":{"line":62,"column":0},"end":{"line":62,"column":57}},"62":{"start":{"line":63,"column":0},"end":{"line":63,"column":48}},"63":{"start":{"line":64,"column":0},"end":{"line":64,"column":20}},"64":{"start":{"line":65,"column":0},"end":{"line":65,"column":62}},"65":{"start":{"line":66,"column":0},"end":{"line":66,"column":14}},"66":{"start":{"line":67,"column":0},"end":{"line":67,"column":10}},"67":{"start":{"line":68,"column":0},"end":{"line":68,"column":65}},"68":{"start":{"line":69,"column":0},"end":{"line":69,"column":13}},"69":{"start":{"line":70,"column":0},"end":{"line":70,"column":53}},"70":{"start":{"line":71,"column":0},"end":{"line":71,"column":60}},"71":{"start":{"line":72,"column":0},"end":{"line":72,"column":44}},"72":{"start":{"line":73,"column":0},"end":{"line":73,"column":62}},"73":{"start":{"line":74,"column":0},"end":{"line":74,"column":11}},"74":{"start":{"line":75,"column":0},"end":{"line":75,"column":88}},"75":{"start":{"line":76,"column":0},"end":{"line":76,"column":21}},"76":{"start":{"line":77,"column":0},"end":{"line":77,"column":30}},"77":{"start":{"line":78,"column":0},"end":{"line":78,"column":9}},"78":{"start":{"line":79,"column":0},"end":{"line":79,"column":8}},"79":{"start":{"line":80,"column":0},"end":{"line":80,"column":6}},"80":{"start":{"line":81,"column":0},"end":{"line":81,"column":4}},"82":{"start":{"line":83,"column":0},"end":{"line":83,"column":36}},"83":{"start":{"line":84,"column":0},"end":{"line":84,"column":22}},"84":{"start":{"line":85,"column":0},"end":{"line":85,"column":47}},"85":{"start":{"line":86,"column":0},"end":{"line":86,"column":38}},"86":{"start":{"line":87,"column":0},"end":{"line":87,"column":20}},"87":{"start":{"line":88,"column":0},"end":{"line":88,"column":52}},"88":{"start":{"line":89,"column":0},"end":{"line":89,"column":14}},"89":{"start":{"line":90,"column":0},"end":{"line":90,"column":10}},"90":{"start":{"line":91,"column":0},"end":{"line":91,"column":55}},"91":{"start":{"line":92,"column":0},"end":{"line":92,"column":13}},"92":{"start":{"line":93,"column":0},"end":{"line":93,"column":53}},"93":{"start":{"line":94,"column":0},"end":{"line":94,"column":60}},"94":{"start":{"line":95,"column":0},"end":{"line":95,"column":29}},"95":{"start":{"line":96,"column":0},"end":{"line":96,"column":44}},"96":{"start":{"line":97,"column":0},"end":{"line":97,"column":58}},"97":{"start":{"line":98,"column":0},"end":{"line":98,"column":50}},"98":{"start":{"line":99,"column":0},"end":{"line":99,"column":11}},"99":{"start":{"line":100,"column":0},"end":{"line":100,"column":41}},"100":{"start":{"line":101,"column":0},"end":{"line":101,"column":21}},"101":{"start":{"line":102,"column":0},"end":{"line":102,"column":30}},"102":{"start":{"line":103,"column":0},"end":{"line":103,"column":9}},"103":{"start":{"line":104,"column":0},"end":{"line":104,"column":8}},"104":{"start":{"line":105,"column":0},"end":{"line":105,"column":6}},"105":{"start":{"line":106,"column":0},"end":{"line":106,"column":4}},"107":{"start":{"line":108,"column":0},"end":{"line":108,"column":34}},"108":{"start":{"line":109,"column":0},"end":{"line":109,"column":20}},"109":{"start":{"line":110,"column":0},"end":{"line":110,"column":47}},"110":{"start":{"line":111,"column":0},"end":{"line":111,"column":36}},"111":{"start":{"line":112,"column":0},"end":{"line":112,"column":79}},"112":{"start":{"line":113,"column":0},"end":{"line":113,"column":53}},"113":{"start":{"line":114,"column":0},"end":{"line":114,"column":13}},"114":{"start":{"line":115,"column":0},"end":{"line":115,"column":53}},"115":{"start":{"line":116,"column":0},"end":{"line":116,"column":60}},"116":{"start":{"line":117,"column":0},"end":{"line":117,"column":59}},"117":{"start":{"line":118,"column":0},"end":{"line":118,"column":46}},"118":{"start":{"line":119,"column":0},"end":{"line":119,"column":21}},"119":{"start":{"line":120,"column":0},"end":{"line":120,"column":30}},"120":{"start":{"line":121,"column":0},"end":{"line":121,"column":9}},"121":{"start":{"line":122,"column":0},"end":{"line":122,"column":8}},"122":{"start":{"line":123,"column":0},"end":{"line":123,"column":6}},"123":{"start":{"line":124,"column":0},"end":{"line":124,"column":4}},"125":{"start":{"line":126,"column":0},"end":{"line":126,"column":10}},"126":{"start":{"line":127,"column":0},"end":{"line":127,"column":17}},"127":{"start":{"line":128,"column":0},"end":{"line":128,"column":28}},"128":{"start":{"line":129,"column":0},"end":{"line":129,"column":18}},"129":{"start":{"line":130,"column":0},"end":{"line":130,"column":16}},"130":{"start":{"line":131,"column":0},"end":{"line":131,"column":3}},"131":{"start":{"line":132,"column":0},"end":{"line":132,"column":1}}},"s":{"0":0,"1":0,"2":0,"5":0,"6":0,"7":0,"8":0,"9":0,"10":0,"11":0,"12":0,"13":0,"14":0,"15":0,"16":0,"17":0,"18":0,"19":0,"20":0,"21":0,"29":0,"30":0,"31":0,"32":0,"33":0,"34":0,"35":0,"36":0,"37":0,"38":0,"39":0,"40":0,"41":0,"42":0,"43":0,"44":0,"45":0,"46":0,"47":0,"48":0,"49":0,"50":0,"51":0,"52":0,"53":0,"54":0,"55":0,"56":0,"57":0,"59":0,"60":0,"61":0,"62":0,"63":0,"64":0,"65":0,"66":0,"67":0,"68":0,"69":0,"70":0,"71":0,"72":0,"73":0,"74":0,"75":0,"76":0,"77":0,"78":0,"79":0,"80":0,"82":0,"83":0,"84":0,"85":0,"86":0,"87":0,"88":0,"89":0,"90":0,"91":0,"92":0,"93":0,"94":0,"95":0,"96":0,"97":0,"98":0,"99":0,"100":0,"101":0,"102":0,"103":0,"104":0,"105":0,"107":0,"108":0,"109":0,"110":0,"111":0,"112":0,"113":0,"114":0,"115":0,"116":0,"117":0,"118":0,"119":0,"120":0,"121":0,"122":0,"123":0,"125":0,"126":0,"127":0,"128":0,"129":0,"130":0,"131":0},"branchMap":{"0":{"type":"branch","line":1,"loc":{"start":{"line":1,"column":4290},"end":{"line":132,"column":1}},"locations":[{"start":{"line":1,"column":4290},"end":{"line":132,"column":1}}]}},"b":{"0":[0]},"fnMap":{"0":{"name":"(empty-report)","decl":{"start":{"line":1,"column":4290},"end":{"line":132,"column":1}},"loc":{"start":{"line":1,"column":4290},"end":{"line":132,"column":1}},"line":1}},"f":{"0":0}}
,"/Users/playra/999/src/utils/logger.ts": {"path":"/Users/playra/999/src/utils/logger.ts","all":false,"statementMap":{"11":{"start":{"line":12,"column":0},"end":{"line":12,"column":20}},"12":{"start":{"line":13,"column":0},"end":{"line":13,"column":35}},"13":{"start":{"line":14,"column":0},"end":{"line":14,"column":19}},"14":{"start":{"line":15,"column":0},"end":{"line":15,"column":18}},"15":{"start":{"line":16,"column":0},"end":{"line":16,"column":19}},"16":{"start":{"line":17,"column":0},"end":{"line":17,"column":6}},"18":{"start":{"line":19,"column":0},"end":{"line":19,"column":58}},"20":{"start":{"line":21,"column":0},"end":{"line":21,"column":14}},"21":{"start":{"line":22,"column":0},"end":{"line":22,"column":19}},"22":{"start":{"line":23,"column":0},"end":{"line":23,"column":7}},"23":{"start":{"line":24,"column":0},"end":{"line":24,"column":44}},"24":{"start":{"line":25,"column":0},"end":{"line":25,"column":14}},"25":{"start":{"line":26,"column":0},"end":{"line":26,"column":23}},"26":{"start":{"line":27,"column":0},"end":{"line":27,"column":73}},"27":{"start":{"line":28,"column":0},"end":{"line":28,"column":16}},"28":{"start":{"line":29,"column":0},"end":{"line":29,"column":47}},"29":{"start":{"line":30,"column":0},"end":{"line":30,"column":8}},"30":{"start":{"line":31,"column":0},"end":{"line":31,"column":11}},"31":{"start":{"line":32,"column":0},"end":{"line":32,"column":28}},"32":{"start":{"line":33,"column":0},"end":{"line":33,"column":5}},"33":{"start":{"line":34,"column":0},"end":{"line":34,"column":3}},"34":{"start":{"line":35,"column":0},"end":{"line":35,"column":1}}},"s":{"11":1,"12":0,"13":0,"14":0,"15":0,"16":0,"18":0,"20":0,"21":0,"22":0,"23":0,"24":0,"25":0,"26":0,"27":0,"28":0,"29":0,"30":0,"31":0,"32":0,"33":0,"34":0},"branchMap":{},"b":{},"fnMap":{"0":{"name":"log","decl":{"start":{"line":12,"column":19},"end":{"line":35,"column":1}},"loc":{"start":{"line":12,"column":19},"end":{"line":35,"column":1}},"line":12}},"f":{"0":0}}
}
